[ 2017-05-19T09:20:51+08:00 ] 127.0.0.1 /
INFO: [ app_init ] --START--
INFO: Run Behavior\BuildLiteBehavior [ RunTime:0.000010s ]
INFO: [ app_init ] --END-- [ RunTime:0.002476s ]
INFO: [ app_begin ] --START--
INFO: Run Behavior\ReadHtmlCacheBehavior [ RunTime:0.000691s ]
INFO: [ app_begin ] --END-- [ RunTime:0.000717s ]
SQL: SHOW COLUMNS FROM `wu_chapter` [ RunTime:0.0067s ]
SQL: SHOW COLUMNS FROM `wu_visitmsg` [ RunTime:0.0012s ]
SQL: SHOW COLUMNS FROM `wu_category` [ RunTime:0.0010s ]
SQL: SELECT COUNT(*) AS tp_count FROM `wu_chapter` LIMIT 1   [ RunTime:0.0009s ]
SQL: SELECT * FROM wu_chapter ORDER BY chapter_id DESC Limit 0,5 [ RunTime:0.0009s ]
SQL: SELECT * FROM wu_chapter WHERE chapter_hot=1 [ RunTime:0.0007s ]
SQL: SELECT * FROM wu_visitmsg ORDER BY visitmsg_id DESC Limit 0,5 [ RunTime:0.0004s ]
SQL: SELECT * FROM wu_category WHERE category_list=1 [ RunTime:0.0005s ]
INFO: [ view_parse ] --START--
INFO: [ template_filter ] --START--
INFO: Run Behavior\ContentReplaceBehavior [ RunTime:0.001051s ]
INFO: [ template_filter ] --END-- [ RunTime:0.001117s ]
NOTIC: [8] Undefined variable: __MODE__ F:\www\WEB\wblog\Application\Runtime\Cache\Home\2a94b8bda04ff446dcedd42276fc99ee.php 第 118 行.
INFO: Run Behavior\ParseTemplateBehavior [ RunTime:0.082373s ]
INFO: [ view_parse ] --END-- [ RunTime:0.082419s ]
INFO: [ view_filter ] --START--
INFO: Run Behavior\WriteHtmlCacheBehavior [ RunTime:0.025540s ]
INFO: [ view_filter ] --END-- [ RunTime:0.025598s ]
INFO: [ app_end ] --START--
INFO: Run Behavior\ShowPageTraceBehavior [ RunTime:0.001897s ]
INFO: [ app_end ] --END-- [ RunTime:0.001987s ]
NOTIC: [8] A session had already been started - ignoring session_start() F:\www\WEB\wblog\index.php 第 19 行.

[ 2017-05-19T10:00:20+08:00 ] 127.0.0.1 /
INFO: [ app_init ] --START--
INFO: Run Behavior\BuildLiteBehavior [ RunTime:0.000007s ]
INFO: [ app_init ] --END-- [ RunTime:0.000243s ]
INFO: [ app_begin ] --START--
INFO: Run Behavior\ReadHtmlCacheBehavior [ RunTime:0.000331s ]
INFO: [ app_begin ] --END-- [ RunTime:0.000363s ]
SQL: SHOW COLUMNS FROM `wu_chapter` [ RunTime:0.0006s ]
SQL: SHOW COLUMNS FROM `wu_visitmsg` [ RunTime:0.0004s ]
SQL: SHOW COLUMNS FROM `wu_category` [ RunTime:0.0005s ]
SQL: SELECT COUNT(*) AS tp_count FROM `wu_chapter` LIMIT 1   [ RunTime:0.0002s ]
SQL: SELECT * FROM wu_chapter ORDER BY chapter_id DESC Limit 0,5 [ RunTime:0.0004s ]
SQL: SELECT * FROM wu_chapter WHERE chapter_hot=1 [ RunTime:0.0003s ]
SQL: SELECT * FROM wu_visitmsg ORDER BY visitmsg_id DESC Limit 0,5 [ RunTime:0.0002s ]
SQL: SELECT * FROM wu_category WHERE category_list=1 [ RunTime:0.0002s ]
INFO: [ view_parse ] --START--
INFO: [ template_filter ] --START--
INFO: Run Behavior\ContentReplaceBehavior [ RunTime:0.000049s ]
INFO: [ template_filter ] --END-- [ RunTime:0.000064s ]
NOTIC: [8] Undefined variable: __MODE__ F:\www\WEB\wblog\Application\Runtime\Cache\Home\2a94b8bda04ff446dcedd42276fc99ee.php 第 118 行.
INFO: Run Behavior\ParseTemplateBehavior [ RunTime:0.004726s ]
INFO: [ view_parse ] --END-- [ RunTime:0.004742s ]
INFO: [ view_filter ] --START--
INFO: Run Behavior\WriteHtmlCacheBehavior [ RunTime:0.000217s ]
INFO: [ view_filter ] --END-- [ RunTime:0.000230s ]
INFO: [ app_end ] --START--
INFO: Run Behavior\ShowPageTraceBehavior [ RunTime:0.000396s ]
INFO: [ app_end ] --END-- [ RunTime:0.000412s ]
NOTIC: [8] A session had already been started - ignoring session_start() F:\www\WEB\wblog\index.php 第 19 行.

[ 2017-05-19T10:27:37+08:00 ] 127.0.0.1 /
INFO: [ app_init ] --START--
INFO: Run Behavior\BuildLiteBehavior [ RunTime:0.000006s ]
INFO: [ app_init ] --END-- [ RunTime:0.000229s ]
INFO: [ app_begin ] --START--
INFO: Run Behavior\ReadHtmlCacheBehavior [ RunTime:0.000439s ]
INFO: [ app_begin ] --END-- [ RunTime:0.000458s ]
SQL: SHOW COLUMNS FROM `wu_chapter` [ RunTime:0.0005s ]
SQL: SHOW COLUMNS FROM `wu_visitmsg` [ RunTime:0.0003s ]
SQL: SHOW COLUMNS FROM `wu_category` [ RunTime:0.0003s ]
SQL: SELECT COUNT(*) AS tp_count FROM `wu_chapter` LIMIT 1   [ RunTime:0.0001s ]
SQL: SELECT * FROM wu_chapter ORDER BY chapter_id DESC Limit 0,5 [ RunTime:0.0002s ]
SQL: SELECT * FROM wu_chapter WHERE chapter_hot=1 [ RunTime:0.0002s ]
SQL: SELECT * FROM wu_visitmsg ORDER BY visitmsg_id DESC Limit 0,5 [ RunTime:0.0001s ]
SQL: SELECT * FROM wu_category WHERE category_list=1 [ RunTime:0.0001s ]
INFO: [ view_parse ] --START--
INFO: [ template_filter ] --START--
INFO: Run Behavior\ContentReplaceBehavior [ RunTime:0.000054s ]
INFO: [ template_filter ] --END-- [ RunTime:0.000075s ]
NOTIC: [8] Undefined variable: __MODE__ F:\www\WEB\wblog\Application\Runtime\Cache\Home\2a94b8bda04ff446dcedd42276fc99ee.php 第 118 行.
INFO: Run Behavior\ParseTemplateBehavior [ RunTime:0.005111s ]
INFO: [ view_parse ] --END-- [ RunTime:0.005129s ]
INFO: [ view_filter ] --START--
INFO: Run Behavior\WriteHtmlCacheBehavior [ RunTime:0.000189s ]
INFO: [ view_filter ] --END-- [ RunTime:0.000202s ]
INFO: [ app_end ] --START--
INFO: Run Behavior\ShowPageTraceBehavior [ RunTime:0.000367s ]
INFO: [ app_end ] --END-- [ RunTime:0.000390s ]
NOTIC: [8] A session had already been started - ignoring session_start() F:\www\WEB\wblog\index.php 第 19 行.

[ 2017-05-19T10:30:33+08:00 ] 127.0.0.1 /
INFO: [ app_init ] --START--
INFO: Run Behavior\BuildLiteBehavior [ RunTime:0.000005s ]
INFO: [ app_init ] --END-- [ RunTime:0.000204s ]
INFO: [ app_begin ] --START--
INFO: Run Behavior\ReadHtmlCacheBehavior [ RunTime:0.000307s ]
INFO: [ app_begin ] --END-- [ RunTime:0.000324s ]
SQL: SHOW COLUMNS FROM `wu_chapter` [ RunTime:0.0006s ]
SQL: SHOW COLUMNS FROM `wu_visitmsg` [ RunTime:0.0005s ]
SQL: SHOW COLUMNS FROM `wu_category` [ RunTime:0.0003s ]
SQL: SELECT COUNT(*) AS tp_count FROM `wu_chapter` LIMIT 1   [ RunTime:0.0001s ]
SQL: SELECT * FROM wu_chapter,wu_category WHERE wu_chapter.chapter_category=wu_category.category_id ORDER BY chapter_id DESC Limit 0,5 [ RunTime:0.0005s ]
SQL: SELECT * FROM wu_chapter WHERE chapter_hot=1 [ RunTime:0.0003s ]
SQL: SELECT * FROM wu_visitmsg ORDER BY visitmsg_id DESC Limit 0,5 [ RunTime:0.0002s ]
SQL: SELECT * FROM wu_category WHERE category_list=1 [ RunTime:0.0002s ]
INFO: [ view_parse ] --START--
INFO: [ template_filter ] --START--
INFO: Run Behavior\ContentReplaceBehavior [ RunTime:0.000047s ]
INFO: [ template_filter ] --END-- [ RunTime:0.000061s ]
NOTIC: [8] Undefined variable: __MODE__ F:\www\WEB\wblog\Application\Runtime\Cache\Home\2a94b8bda04ff446dcedd42276fc99ee.php 第 118 行.
INFO: Run Behavior\ParseTemplateBehavior [ RunTime:0.004525s ]
INFO: [ view_parse ] --END-- [ RunTime:0.004539s ]
INFO: [ view_filter ] --START--
INFO: Run Behavior\WriteHtmlCacheBehavior [ RunTime:0.000166s ]
INFO: [ view_filter ] --END-- [ RunTime:0.000178s ]
INFO: [ app_end ] --START--
INFO: Run Behavior\ShowPageTraceBehavior [ RunTime:0.000395s ]
INFO: [ app_end ] --END-- [ RunTime:0.000411s ]
NOTIC: [8] A session had already been started - ignoring session_start() F:\www\WEB\wblog\index.php 第 19 行.

[ 2017-05-19T10:31:46+08:00 ] 127.0.0.1 /
INFO: [ app_init ] --START--
INFO: Run Behavior\BuildLiteBehavior [ RunTime:0.000005s ]
INFO: [ app_init ] --END-- [ RunTime:0.000206s ]
INFO: [ app_begin ] --START--
INFO: Run Behavior\ReadHtmlCacheBehavior [ RunTime:0.000363s ]
INFO: [ app_begin ] --END-- [ RunTime:0.000381s ]
SQL: SHOW COLUMNS FROM `wu_chapter` [ RunTime:0.0005s ]
SQL: SHOW COLUMNS FROM `wu_visitmsg` [ RunTime:0.0003s ]
SQL: SHOW COLUMNS FROM `wu_category` [ RunTime:0.0003s ]
SQL: SELECT COUNT(*) AS tp_count FROM `wu_chapter` LIMIT 1   [ RunTime:0.0001s ]
SQL: SELECT * FROM wu_chapter,wu_category WHERE wu_chapter.chapter_category=wu_category.category_id ORDER BY chapter_id DESC Limit 0,5 [ RunTime:0.0006s ]
SQL: SELECT * FROM wu_chapter WHERE chapter_hot=1 [ RunTime:0.0004s ]
SQL: SELECT * FROM wu_visitmsg ORDER BY visitmsg_id DESC Limit 0,5 [ RunTime:0.0002s ]
SQL: SELECT * FROM wu_category WHERE category_list=1 [ RunTime:0.0001s ]
INFO: [ view_parse ] --START--
INFO: [ template_filter ] --START--
INFO: Run Behavior\ContentReplaceBehavior [ RunTime:0.000051s ]
INFO: [ template_filter ] --END-- [ RunTime:0.000067s ]
NOTIC: [8] Undefined variable: __MODE__ F:\www\WEB\wblog\Application\Runtime\Cache\Home\2a94b8bda04ff446dcedd42276fc99ee.php 第 118 行.
INFO: Run Behavior\ParseTemplateBehavior [ RunTime:0.004736s ]
INFO: [ view_parse ] --END-- [ RunTime:0.004752s ]
INFO: [ view_filter ] --START--
INFO: Run Behavior\WriteHtmlCacheBehavior [ RunTime:0.000173s ]
INFO: [ view_filter ] --END-- [ RunTime:0.000187s ]
INFO: [ app_end ] --START--
INFO: Run Behavior\ShowPageTraceBehavior [ RunTime:0.000325s ]
INFO: [ app_end ] --END-- [ RunTime:0.000342s ]
NOTIC: [8] A session had already been started - ignoring session_start() F:\www\WEB\wblog\index.php 第 19 行.

[ 2017-05-19T10:35:47+08:00 ] 127.0.0.1 /
INFO: [ app_init ] --START--
INFO: Run Behavior\BuildLiteBehavior [ RunTime:0.000007s ]
INFO: [ app_init ] --END-- [ RunTime:0.000228s ]
INFO: [ app_begin ] --START--
INFO: Run Behavior\ReadHtmlCacheBehavior [ RunTime:0.000309s ]
INFO: [ app_begin ] --END-- [ RunTime:0.000325s ]
SQL: SHOW COLUMNS FROM `wu_chapter` [ RunTime:0.0005s ]
SQL: SHOW COLUMNS FROM `wu_visitmsg` [ RunTime:0.0004s ]
SQL: SHOW COLUMNS FROM `wu_category` [ RunTime:0.0002s ]
SQL: SELECT COUNT(*) AS tp_count FROM `wu_chapter` LIMIT 1   [ RunTime:0.0002s ]
SQL: SELECT * FROM wu_chapter,wu_category WHERE wu_chapter.chapter_category=wu_category.category_id ORDER BY chapter_id DESC Limit 0,5 [ RunTime:0.0005s ]
SQL: SELECT * FROM wu_chapter WHERE chapter_hot=1 [ RunTime:0.0002s ]
SQL: SELECT * FROM wu_visitmsg ORDER BY visitmsg_id DESC Limit 0,5 [ RunTime:0.0002s ]
SQL: SELECT * FROM wu_category WHERE category_list=1 [ RunTime:0.0002s ]
INFO: [ view_parse ] --START--
INFO: [ template_filter ] --START--
INFO: Run Behavior\ContentReplaceBehavior [ RunTime:0.000053s ]
INFO: [ template_filter ] --END-- [ RunTime:0.000069s ]
NOTIC: [8] Undefined variable: __MODE__ F:\www\WEB\wblog\Application\Runtime\Cache\Home\2a94b8bda04ff446dcedd42276fc99ee.php 第 118 行.
INFO: Run Behavior\ParseTemplateBehavior [ RunTime:0.004764s ]
INFO: [ view_parse ] --END-- [ RunTime:0.004780s ]
INFO: [ view_filter ] --START--
INFO: Run Behavior\WriteHtmlCacheBehavior [ RunTime:0.000184s ]
INFO: [ view_filter ] --END-- [ RunTime:0.000198s ]
INFO: [ app_end ] --START--
INFO: Run Behavior\ShowPageTraceBehavior [ RunTime:0.000335s ]
INFO: [ app_end ] --END-- [ RunTime:0.000354s ]
NOTIC: [8] A session had already been started - ignoring session_start() F:\www\WEB\wblog\index.php 第 19 行.

[ 2017-05-19T10:35:50+08:00 ] 127.0.0.1 /index.php/Home/Index/showlist?id=2
INFO: [ app_init ] --START--
INFO: Run Behavior\BuildLiteBehavior [ RunTime:0.000005s ]
INFO: [ app_init ] --END-- [ RunTime:0.000179s ]
INFO: [ app_begin ] --START--
INFO: Run Behavior\ReadHtmlCacheBehavior [ RunTime:0.000240s ]
INFO: [ app_begin ] --END-- [ RunTime:0.000255s ]
SQL: SHOW COLUMNS FROM `wu_chapter` [ RunTime:0.0004s ]
SQL: SHOW COLUMNS FROM `wu_visitmsg` [ RunTime:0.0005s ]
SQL: SHOW COLUMNS FROM `wu_category` [ RunTime:0.0003s ]
SQL: SELECT * FROM wu_chapter WHERE chapter_category=2  [ RunTime:0.0002s ]
SQL: SELECT * FROM wu_visitmsg ORDER BY visitmsg_id DESC Limit 0,5 [ RunTime:0.0001s ]
SQL: SELECT * FROM wu_category WHERE category_list=1 [ RunTime:0.0001s ]
SQL: SELECT * FROM wu_category  [ RunTime:0.0001s ]
SQL: SELECT * FROM wu_chapter WHERE chapter_category=2 ORDER BY chapter_id DESC Limit 0,5 [ RunTime:0.0001s ]
INFO: [ view_parse ] --START--
INFO: [ template_filter ] --START--
INFO: Run Behavior\ContentReplaceBehavior [ RunTime:0.000065s ]
INFO: [ template_filter ] --END-- [ RunTime:0.000140s ]
INFO: Run Behavior\ParseTemplateBehavior [ RunTime:0.004959s ]
INFO: [ view_parse ] --END-- [ RunTime:0.004986s ]
INFO: [ view_filter ] --START--
INFO: Run Behavior\WriteHtmlCacheBehavior [ RunTime:0.000142s ]
INFO: [ view_filter ] --END-- [ RunTime:0.000156s ]
INFO: [ app_end ] --START--
INFO: Run Behavior\ShowPageTraceBehavior [ RunTime:0.000333s ]
INFO: [ app_end ] --END-- [ RunTime:0.000354s ]
NOTIC: [8] A session had already been started - ignoring session_start() F:\www\WEB\wblog\index.php 第 19 行.

[ 2017-05-19T10:35:57+08:00 ] 127.0.0.1 /index.php
INFO: [ app_init ] --START--
INFO: Run Behavior\BuildLiteBehavior [ RunTime:0.000007s ]
INFO: [ app_init ] --END-- [ RunTime:0.000232s ]
INFO: [ app_begin ] --START--
INFO: Run Behavior\ReadHtmlCacheBehavior [ RunTime:0.000347s ]
INFO: [ app_begin ] --END-- [ RunTime:0.000370s ]
SQL: SHOW COLUMNS FROM `wu_chapter` [ RunTime:0.0005s ]
SQL: SHOW COLUMNS FROM `wu_visitmsg` [ RunTime:0.0004s ]
SQL: SHOW COLUMNS FROM `wu_category` [ RunTime:0.0004s ]
SQL: SELECT COUNT(*) AS tp_count FROM `wu_chapter` LIMIT 1   [ RunTime:0.0002s ]
SQL: SELECT * FROM wu_chapter,wu_category WHERE wu_chapter.chapter_category=wu_category.category_id ORDER BY chapter_id DESC Limit 0,5 [ RunTime:0.0006s ]
SQL: SELECT * FROM wu_chapter WHERE chapter_hot=1 [ RunTime:0.0003s ]
SQL: SELECT * FROM wu_visitmsg ORDER BY visitmsg_id DESC Limit 0,5 [ RunTime:0.0002s ]
SQL: SELECT * FROM wu_category WHERE category_list=1 [ RunTime:0.0001s ]
INFO: [ view_parse ] --START--
INFO: [ template_filter ] --START--
INFO: Run Behavior\ContentReplaceBehavior [ RunTime:0.000054s ]
INFO: [ template_filter ] --END-- [ RunTime:0.000073s ]
NOTIC: [8] Undefined variable: __MODE__ F:\www\WEB\wblog\Application\Runtime\Cache\Home\2a94b8bda04ff446dcedd42276fc99ee.php 第 118 行.
INFO: Run Behavior\ParseTemplateBehavior [ RunTime:0.004993s ]
INFO: [ view_parse ] --END-- [ RunTime:0.005011s ]
INFO: [ view_filter ] --START--
INFO: Run Behavior\WriteHtmlCacheBehavior [ RunTime:0.000173s ]
INFO: [ view_filter ] --END-- [ RunTime:0.000187s ]
INFO: [ app_end ] --START--
INFO: Run Behavior\ShowPageTraceBehavior [ RunTime:0.000323s ]
INFO: [ app_end ] --END-- [ RunTime:0.000339s ]
NOTIC: [8] A session had already been started - ignoring session_start() F:\www\WEB\wblog\index.php 第 19 行.

[ 2017-05-19T10:36:19+08:00 ] 127.0.0.1 /index.php
INFO: [ app_init ] --START--
INFO: Run Behavior\BuildLiteBehavior [ RunTime:0.000007s ]
INFO: [ app_init ] --END-- [ RunTime:0.000223s ]
INFO: [ app_begin ] --START--
INFO: Run Behavior\ReadHtmlCacheBehavior [ RunTime:0.000309s ]
INFO: [ app_begin ] --END-- [ RunTime:0.000325s ]
SQL: SHOW COLUMNS FROM `wu_chapter` [ RunTime:0.0005s ]
SQL: SHOW COLUMNS FROM `wu_visitmsg` [ RunTime:0.0004s ]
SQL: SHOW COLUMNS FROM `wu_category` [ RunTime:0.0004s ]
SQL: SELECT COUNT(*) AS tp_count FROM `wu_chapter` LIMIT 1   [ RunTime:0.0002s ]
SQL: SELECT * FROM wu_chapter,wu_category WHERE wu_chapter.chapter_category=wu_category.category_id ORDER BY chapter_id DESC Limit 0,5 [ RunTime:0.0005s ]
SQL: SELECT * FROM wu_chapter WHERE chapter_hot=1 [ RunTime:0.0002s ]
SQL: SELECT * FROM wu_visitmsg ORDER BY visitmsg_id DESC Limit 0,5 [ RunTime:0.0001s ]
SQL: SELECT * FROM wu_category WHERE category_list=1 [ RunTime:0.0001s ]
INFO: [ view_parse ] --START--
INFO: [ template_filter ] --START--
INFO: Run Behavior\ContentReplaceBehavior [ RunTime:0.000054s ]
INFO: [ template_filter ] --END-- [ RunTime:0.000077s ]
NOTIC: [8] Undefined variable: __MODE__ F:\www\WEB\wblog\Application\Runtime\Cache\Home\2a94b8bda04ff446dcedd42276fc99ee.php 第 118 行.
INFO: Run Behavior\ParseTemplateBehavior [ RunTime:0.005041s ]
INFO: [ view_parse ] --END-- [ RunTime:0.005058s ]
INFO: [ view_filter ] --START--
INFO: Run Behavior\WriteHtmlCacheBehavior [ RunTime:0.000183s ]
INFO: [ view_filter ] --END-- [ RunTime:0.000196s ]
INFO: [ app_end ] --START--
INFO: Run Behavior\ShowPageTraceBehavior [ RunTime:0.000332s ]
INFO: [ app_end ] --END-- [ RunTime:0.000350s ]
NOTIC: [8] A session had already been started - ignoring session_start() F:\www\WEB\wblog\index.php 第 19 行.

[ 2017-05-19T10:37:31+08:00 ] 127.0.0.1 /index.php
INFO: [ app_init ] --START--
INFO: Run Behavior\BuildLiteBehavior [ RunTime:0.000005s ]
INFO: [ app_init ] --END-- [ RunTime:0.000181s ]
INFO: [ app_begin ] --START--
INFO: Run Behavior\ReadHtmlCacheBehavior [ RunTime:0.000239s ]
INFO: [ app_begin ] --END-- [ RunTime:0.000255s ]
SQL: SHOW COLUMNS FROM `wu_chapter` [ RunTime:0.0005s ]
SQL: SHOW COLUMNS FROM `wu_visitmsg` [ RunTime:0.0004s ]
SQL: SHOW COLUMNS FROM `wu_category` [ RunTime:0.0004s ]
SQL: SELECT COUNT(*) AS tp_count FROM `wu_chapter` LIMIT 1   [ RunTime:0.0002s ]
SQL: SELECT * FROM wu_chapter,wu_category WHERE wu_chapter.chapter_category=wu_category.category_id ORDER BY chapter_id DESC Limit 0,5 [ RunTime:0.0005s ]
SQL: SELECT * FROM wu_chapter WHERE chapter_hot=1 [ RunTime:0.0002s ]
SQL: SELECT * FROM wu_visitmsg ORDER BY visitmsg_id DESC Limit 0,5 [ RunTime:0.0002s ]
SQL: SELECT * FROM wu_category WHERE category_list=1 [ RunTime:0.0001s ]
INFO: [ view_parse ] --START--
INFO: [ template_filter ] --START--
INFO: Run Behavior\ContentReplaceBehavior [ RunTime:0.000053s ]
INFO: [ template_filter ] --END-- [ RunTime:0.000070s ]
NOTIC: [8] Undefined variable: __MODE__ F:\www\WEB\wblog\Application\Runtime\Cache\Home\2a94b8bda04ff446dcedd42276fc99ee.php 第 118 行.
INFO: Run Behavior\ParseTemplateBehavior [ RunTime:0.004513s ]
INFO: [ view_parse ] --END-- [ RunTime:0.004530s ]
INFO: [ view_filter ] --START--
INFO: Run Behavior\WriteHtmlCacheBehavior [ RunTime:0.000125s ]
INFO: [ view_filter ] --END-- [ RunTime:0.000137s ]
INFO: [ app_end ] --START--
INFO: Run Behavior\ShowPageTraceBehavior [ RunTime:0.000280s ]
INFO: [ app_end ] --END-- [ RunTime:0.000297s ]
NOTIC: [8] A session had already been started - ignoring session_start() F:\www\WEB\wblog\index.php 第 19 行.

[ 2017-05-19T10:37:34+08:00 ] 127.0.0.1 /index.php/Home/Index/reading?id=18
INFO: [ app_init ] --START--
INFO: Run Behavior\BuildLiteBehavior [ RunTime:0.000006s ]
INFO: [ app_init ] --END-- [ RunTime:0.000180s ]
INFO: [ app_begin ] --START--
INFO: Run Behavior\ReadHtmlCacheBehavior [ RunTime:0.000236s ]
INFO: [ app_begin ] --END-- [ RunTime:0.000253s ]
SQL: SHOW COLUMNS FROM `wu_chapter` [ RunTime:0.0004s ]
SQL: SHOW COLUMNS FROM `wu_visitmsg` [ RunTime:0.0003s ]
SQL: SHOW COLUMNS FROM `wu_category` [ RunTime:0.0003s ]
SQL: SELECT COUNT(*) AS tp_count FROM `wu_chapter` LIMIT 1   [ RunTime:0.0001s ]
SQL: SELECT * FROM wu_chapter,wu_category WHERE wu_chapter.chapter_category=wu_category.category_id ORDER BY chapter_id DESC Limit 0,5 [ RunTime:0.0006s ]
SQL: SELECT * FROM wu_chapter WHERE chapter_hot=1 [ RunTime:0.0002s ]
SQL: SELECT * FROM wu_visitmsg ORDER BY visitmsg_id DESC Limit 0,5 [ RunTime:0.0001s ]
SQL: SELECT * FROM wu_category WHERE category_list=1 [ RunTime:0.0001s ]
SQL: SHOW COLUMNS FROM `wu_chapter` [ RunTime:0.0003s ]
SQL: SELECT * FROM wu_chapter WHERE chapter_id=18 [ RunTime:0.0002s ]
NOTIC: [8] Undefined index: chapter_visitmsg F:\www\WEB\wblog\Application\Home\Controller\IndexController.class.php 第 64 行.
SQL: SELECT * FROM wu_chapter WHERE chapter_category = 1 ORDER BY chapter_id DESC LIMIT 0,5  [ RunTime:0.0002s ]
INFO: [ view_parse ] --START--
INFO: [ template_filter ] --START--
INFO: Run Behavior\ContentReplaceBehavior [ RunTime:0.000049s ]
INFO: [ template_filter ] --END-- [ RunTime:0.000067s ]
NOTIC: [8] Undefined variable: __MODE__ F:\www\WEB\wblog\Application\Runtime\Cache\Home\707d1e001cf9da55264bba6cb98a7a40.php 第 117 行.
INFO: Run Behavior\ParseTemplateBehavior [ RunTime:0.010591s ]
INFO: [ view_parse ] --END-- [ RunTime:0.010606s ]
INFO: [ view_filter ] --START--
INFO: Run Behavior\WriteHtmlCacheBehavior [ RunTime:0.000110s ]
INFO: [ view_filter ] --END-- [ RunTime:0.000122s ]
INFO: [ app_end ] --START--
INFO: Run Behavior\ShowPageTraceBehavior [ RunTime:0.000336s ]
INFO: [ app_end ] --END-- [ RunTime:0.000353s ]
NOTIC: [8] A session had already been started - ignoring session_start() F:\www\WEB\wblog\index.php 第 19 行.

[ 2017-05-19T10:39:00+08:00 ] 127.0.0.1 /index.php/Home/Index/showlist?id=3
INFO: [ app_init ] --START--
INFO: Run Behavior\BuildLiteBehavior [ RunTime:0.000007s ]
INFO: [ app_init ] --END-- [ RunTime:0.000270s ]
INFO: [ app_begin ] --START--
INFO: Run Behavior\ReadHtmlCacheBehavior [ RunTime:0.000422s ]
INFO: [ app_begin ] --END-- [ RunTime:0.000441s ]
SQL: SHOW COLUMNS FROM `wu_chapter` [ RunTime:0.0023s ]
SQL: SHOW COLUMNS FROM `wu_visitmsg` [ RunTime:0.0005s ]
SQL: SHOW COLUMNS FROM `wu_category` [ RunTime:0.0004s ]
SQL: SELECT * FROM wu_chapter WHERE chapter_category=3  [ RunTime:0.0004s ]
SQL: SELECT * FROM wu_visitmsg ORDER BY visitmsg_id DESC Limit 0,5 [ RunTime:0.0002s ]
SQL: SELECT * FROM wu_category WHERE category_list=1 [ RunTime:0.0003s ]
SQL: SELECT * FROM wu_category  [ RunTime:0.0002s ]
SQL: SELECT * FROM wu_chapter WHERE chapter_category=3 ORDER BY chapter_id DESC Limit 0,5 [ RunTime:0.0002s ]
INFO: [ view_parse ] --START--
INFO: [ template_filter ] --START--
INFO: Run Behavior\ContentReplaceBehavior [ RunTime:0.000052s ]
INFO: [ template_filter ] --END-- [ RunTime:0.000071s ]
INFO: Run Behavior\ParseTemplateBehavior [ RunTime:0.005057s ]
INFO: [ view_parse ] --END-- [ RunTime:0.005078s ]
INFO: [ view_filter ] --START--
INFO: Run Behavior\WriteHtmlCacheBehavior [ RunTime:0.000186s ]
INFO: [ view_filter ] --END-- [ RunTime:0.000199s ]
INFO: [ app_end ] --START--
INFO: Run Behavior\ShowPageTraceBehavior [ RunTime:0.000346s ]
INFO: [ app_end ] --END-- [ RunTime:0.000363s ]
NOTIC: [8] A session had already been started - ignoring session_start() F:\www\WEB\wblog\index.php 第 19 行.

[ 2017-05-19T10:42:03+08:00 ] 127.0.0.1 /index.php/Home/Index/showlist?id=3
INFO: [ app_init ] --START--
INFO: Run Behavior\BuildLiteBehavior [ RunTime:0.000006s ]
INFO: [ app_init ] --END-- [ RunTime:0.000220s ]
INFO: [ app_begin ] --START--
INFO: Run Behavior\ReadHtmlCacheBehavior [ RunTime:0.000317s ]
INFO: [ app_begin ] --END-- [ RunTime:0.000333s ]
SQL: SHOW COLUMNS FROM `wu_chapter` [ RunTime:0.0008s ]
SQL: SHOW COLUMNS FROM `wu_visitmsg` [ RunTime:0.0006s ]
SQL: SHOW COLUMNS FROM `wu_category` [ RunTime:0.0005s ]
SQL: SELECT * FROM wu_chapter WHERE chapter_category=3  [ RunTime:0.0003s ]
SQL: SELECT * FROM wu_visitmsg ORDER BY visitmsg_id DESC Limit 0,5 [ RunTime:0.0003s ]
SQL: SELECT * FROM wu_category WHERE category_list=1 [ RunTime:0.0002s ]
SQL: SELECT * FROM wu_category  [ RunTime:0.0001s ]
SQL: SELECT * FROM wu_chapter WHERE chapter_category=3 ORDER BY chapter_id DESC Limit 0,5 [ RunTime:0.0002s ]
INFO: [ view_parse ] --START--
INFO: [ template_filter ] --START--
INFO: Run Behavior\ContentReplaceBehavior [ RunTime:0.000044s ]
INFO: [ template_filter ] --END-- [ RunTime:0.000061s ]
INFO: Run Behavior\ParseTemplateBehavior [ RunTime:0.004375s ]
INFO: [ view_parse ] --END-- [ RunTime:0.004392s ]
INFO: [ view_filter ] --START--
INFO: Run Behavior\WriteHtmlCacheBehavior [ RunTime:0.000176s ]
INFO: [ view_filter ] --END-- [ RunTime:0.000188s ]
INFO: [ app_end ] --START--
INFO: Run Behavior\ShowPageTraceBehavior [ RunTime:0.000417s ]
INFO: [ app_end ] --END-- [ RunTime:0.000435s ]
NOTIC: [8] A session had already been started - ignoring session_start() F:\www\WEB\wblog\index.php 第 19 行.

[ 2017-05-19T10:42:44+08:00 ] 127.0.0.1 /index.php/Home/Index/showlist?id=3
INFO: [ app_init ] --START--
INFO: Run Behavior\BuildLiteBehavior [ RunTime:0.000006s ]
INFO: [ app_init ] --END-- [ RunTime:0.000237s ]
INFO: [ app_begin ] --START--
INFO: Run Behavior\ReadHtmlCacheBehavior [ RunTime:0.000381s ]
INFO: [ app_begin ] --END-- [ RunTime:0.000399s ]
SQL: SHOW COLUMNS FROM `wu_chapter` [ RunTime:0.0005s ]
SQL: SHOW COLUMNS FROM `wu_visitmsg` [ RunTime:0.0003s ]
SQL: SHOW COLUMNS FROM `wu_category` [ RunTime:0.0002s ]
SQL: SELECT * FROM wu_chapter WHERE chapter_category=3  [ RunTime:0.0002s ]
SQL: SELECT * FROM wu_visitmsg ORDER BY visitmsg_id DESC Limit 0,5 [ RunTime:0.0001s ]
SQL: SELECT * FROM wu_category WHERE category_list=1 [ RunTime:0.0001s ]
SQL: SELECT * FROM wu_category  [ RunTime:0.0001s ]
SQL: SELECT * FROM wu_chapter WHERE chapter_category=3 ORDER BY chapter_id DESC Limit 0,5 [ RunTime:0.0001s ]
INFO: [ view_parse ] --START--
INFO: [ template_filter ] --START--
INFO: Run Behavior\ContentReplaceBehavior [ RunTime:0.000045s ]
INFO: [ template_filter ] --END-- [ RunTime:0.000062s ]
NOTIC: [8] Undefined index: zhuti F:\www\WEB\wblog\Application\Runtime\Cache\Home\00cabd38e3b48168551e82b0047672d2.php 第 70 行.
NOTIC: [8] Undefined index: zhuti F:\www\WEB\wblog\Application\Runtime\Cache\Home\00cabd38e3b48168551e82b0047672d2.php 第 70 行.
INFO: Run Behavior\ParseTemplateBehavior [ RunTime:0.004758s ]
INFO: [ view_parse ] --END-- [ RunTime:0.004774s ]
INFO: [ view_filter ] --START--
INFO: Run Behavior\WriteHtmlCacheBehavior [ RunTime:0.000175s ]
INFO: [ view_filter ] --END-- [ RunTime:0.000188s ]
INFO: [ app_end ] --START--
INFO: Run Behavior\ShowPageTraceBehavior [ RunTime:0.000328s ]
INFO: [ app_end ] --END-- [ RunTime:0.000345s ]
NOTIC: [8] A session had already been started - ignoring session_start() F:\www\WEB\wblog\index.php 第 19 行.

[ 2017-05-19T10:43:11+08:00 ] 127.0.0.1 /index.php/Home/Index/showlist?id=3
INFO: [ app_init ] --START--
INFO: Run Behavior\BuildLiteBehavior [ RunTime:0.000006s ]
INFO: [ app_init ] --END-- [ RunTime:0.000186s ]
INFO: [ app_begin ] --START--
INFO: Run Behavior\ReadHtmlCacheBehavior [ RunTime:0.000239s ]
INFO: [ app_begin ] --END-- [ RunTime:0.000255s ]
SQL: SHOW COLUMNS FROM `wu_chapter` [ RunTime:0.0005s ]
SQL: SHOW COLUMNS FROM `wu_visitmsg` [ RunTime:0.0004s ]
SQL: SHOW COLUMNS FROM `wu_category` [ RunTime:0.0004s ]
SQL: SELECT * FROM wu_chapter WHERE chapter_category=3  [ RunTime:0.0002s ]
SQL: SELECT * FROM wu_visitmsg ORDER BY visitmsg_id DESC Limit 0,5 [ RunTime:0.0002s ]
SQL: SELECT * FROM wu_category WHERE category_list=1 [ RunTime:0.0002s ]
SQL: SELECT * FROM wu_category  [ RunTime:0.0002s ]
SQL: SELECT * FROM wu_chapter WHERE chapter_category=3 ORDER BY chapter_id DESC Limit 0,5 [ RunTime:0.0002s ]
INFO: [ view_parse ] --START--
INFO: [ template_filter ] --START--
INFO: Run Behavior\ContentReplaceBehavior [ RunTime:0.000046s ]
INFO: [ template_filter ] --END-- [ RunTime:0.000066s ]
INFO: Run Behavior\ParseTemplateBehavior [ RunTime:0.004234s ]
INFO: [ view_parse ] --END-- [ RunTime:0.004253s ]
INFO: [ view_filter ] --START--
INFO: Run Behavior\WriteHtmlCacheBehavior [ RunTime:0.000126s ]
INFO: [ view_filter ] --END-- [ RunTime:0.000138s ]
INFO: [ app_end ] --START--
INFO: Run Behavior\ShowPageTraceBehavior [ RunTime:0.000270s ]
INFO: [ app_end ] --END-- [ RunTime:0.000286s ]
NOTIC: [8] A session had already been started - ignoring session_start() F:\www\WEB\wblog\index.php 第 19 行.

[ 2017-05-19T10:43:14+08:00 ] 127.0.0.1 /index.php/Home/Index/showlist?id=1
INFO: [ app_init ] --START--
INFO: Run Behavior\BuildLiteBehavior [ RunTime:0.000006s ]
INFO: [ app_init ] --END-- [ RunTime:0.000179s ]
INFO: [ app_begin ] --START--
INFO: Run Behavior\ReadHtmlCacheBehavior [ RunTime:0.000237s ]
INFO: [ app_begin ] --END-- [ RunTime:0.000253s ]
SQL: SHOW COLUMNS FROM `wu_chapter` [ RunTime:0.0005s ]
SQL: SHOW COLUMNS FROM `wu_visitmsg` [ RunTime:0.0004s ]
SQL: SHOW COLUMNS FROM `wu_category` [ RunTime:0.0004s ]
SQL: SELECT * FROM wu_chapter WHERE chapter_category=1  [ RunTime:0.0004s ]
SQL: SELECT * FROM wu_visitmsg ORDER BY visitmsg_id DESC Limit 0,5 [ RunTime:0.0002s ]
SQL: SELECT * FROM wu_category WHERE category_list=1 [ RunTime:0.0002s ]
SQL: SELECT * FROM wu_category  [ RunTime:0.0002s ]
SQL: SELECT * FROM wu_chapter WHERE chapter_category=1 ORDER BY chapter_id DESC Limit 0,5 [ RunTime:0.0003s ]
INFO: [ view_parse ] --START--
INFO: [ template_filter ] --START--
INFO: Run Behavior\ContentReplaceBehavior [ RunTime:0.000046s ]
INFO: [ template_filter ] --END-- [ RunTime:0.000082s ]
INFO: Run Behavior\ParseTemplateBehavior [ RunTime:0.004792s ]
INFO: [ view_parse ] --END-- [ RunTime:0.004820s ]
INFO: [ view_filter ] --START--
INFO: Run Behavior\WriteHtmlCacheBehavior [ RunTime:0.000156s ]
INFO: [ view_filter ] --END-- [ RunTime:0.000170s ]
INFO: [ app_end ] --START--
INFO: Run Behavior\ShowPageTraceBehavior [ RunTime:0.000282s ]
INFO: [ app_end ] --END-- [ RunTime:0.000298s ]
NOTIC: [8] A session had already been started - ignoring session_start() F:\www\WEB\wblog\index.php 第 19 行.

[ 2017-05-19T10:43:32+08:00 ] 127.0.0.1 /index.php/Home/Index/showlist?id=3
INFO: [ app_init ] --START--
INFO: Run Behavior\BuildLiteBehavior [ RunTime:0.000005s ]
INFO: [ app_init ] --END-- [ RunTime:0.000229s ]
INFO: [ app_begin ] --START--
INFO: Run Behavior\ReadHtmlCacheBehavior [ RunTime:0.000381s ]
INFO: [ app_begin ] --END-- [ RunTime:0.000399s ]
SQL: SHOW COLUMNS FROM `wu_chapter` [ RunTime:0.0004s ]
SQL: SHOW COLUMNS FROM `wu_visitmsg` [ RunTime:0.0003s ]
SQL: SHOW COLUMNS FROM `wu_category` [ RunTime:0.0003s ]
SQL: SELECT * FROM wu_chapter WHERE chapter_category=3  [ RunTime:0.0002s ]
SQL: SELECT * FROM wu_visitmsg ORDER BY visitmsg_id DESC Limit 0,5 [ RunTime:0.0001s ]
SQL: SELECT * FROM wu_category WHERE category_list=1 [ RunTime:0.0001s ]
SQL: SELECT * FROM wu_category  [ RunTime:0.0001s ]
SQL: SELECT * FROM wu_chapter WHERE chapter_category=3 ORDER BY chapter_id DESC Limit 0,5 [ RunTime:0.0002s ]
INFO: [ view_parse ] --START--
INFO: [ template_filter ] --START--
INFO: Run Behavior\ContentReplaceBehavior [ RunTime:0.000044s ]
INFO: [ template_filter ] --END-- [ RunTime:0.000063s ]
INFO: Run Behavior\ParseTemplateBehavior [ RunTime:0.004823s ]
INFO: [ view_parse ] --END-- [ RunTime:0.004842s ]
INFO: [ view_filter ] --START--
INFO: Run Behavior\WriteHtmlCacheBehavior [ RunTime:0.000183s ]
INFO: [ view_filter ] --END-- [ RunTime:0.000195s ]
INFO: [ app_end ] --START--
INFO: Run Behavior\ShowPageTraceBehavior [ RunTime:0.000374s ]
INFO: [ app_end ] --END-- [ RunTime:0.000398s ]
NOTIC: [8] A session had already been started - ignoring session_start() F:\www\WEB\wblog\index.php 第 19 行.

[ 2017-05-19T10:43:34+08:00 ] 127.0.0.1 /index.php/Home/Index/showlist?id=2
INFO: [ app_init ] --START--
INFO: Run Behavior\BuildLiteBehavior [ RunTime:0.000006s ]
INFO: [ app_init ] --END-- [ RunTime:0.000183s ]
INFO: [ app_begin ] --START--
INFO: Run Behavior\ReadHtmlCacheBehavior [ RunTime:0.000238s ]
INFO: [ app_begin ] --END-- [ RunTime:0.000255s ]
SQL: SHOW COLUMNS FROM `wu_chapter` [ RunTime:0.0005s ]
SQL: SHOW COLUMNS FROM `wu_visitmsg` [ RunTime:0.0004s ]
SQL: SHOW COLUMNS FROM `wu_category` [ RunTime:0.0003s ]
SQL: SELECT * FROM wu_chapter WHERE chapter_category=2  [ RunTime:0.0003s ]
SQL: SELECT * FROM wu_visitmsg ORDER BY visitmsg_id DESC Limit 0,5 [ RunTime:0.0002s ]
SQL: SELECT * FROM wu_category WHERE category_list=1 [ RunTime:0.0002s ]
SQL: SELECT * FROM wu_category  [ RunTime:0.0002s ]
SQL: SELECT * FROM wu_chapter WHERE chapter_category=2 ORDER BY chapter_id DESC Limit 0,5 [ RunTime:0.0002s ]
INFO: [ view_parse ] --START--
INFO: [ template_filter ] --START--
INFO: Run Behavior\ContentReplaceBehavior [ RunTime:0.000047s ]
INFO: [ template_filter ] --END-- [ RunTime:0.000069s ]
INFO: Run Behavior\ParseTemplateBehavior [ RunTime:0.004416s ]
INFO: [ view_parse ] --END-- [ RunTime:0.004437s ]
INFO: [ view_filter ] --START--
INFO: Run Behavior\WriteHtmlCacheBehavior [ RunTime:0.000136s ]
INFO: [ view_filter ] --END-- [ RunTime:0.000148s ]
INFO: [ app_end ] --START--
INFO: Run Behavior\ShowPageTraceBehavior [ RunTime:0.000300s ]
INFO: [ app_end ] --END-- [ RunTime:0.000319s ]
NOTIC: [8] A session had already been started - ignoring session_start() F:\www\WEB\wblog\index.php 第 19 行.

[ 2017-05-19T10:43:36+08:00 ] 127.0.0.1 /index.php/Home/Index/showlist?id=4
INFO: [ app_init ] --START--
INFO: Run Behavior\BuildLiteBehavior [ RunTime:0.000006s ]
INFO: [ app_init ] --END-- [ RunTime:0.000190s ]
INFO: [ app_begin ] --START--
INFO: Run Behavior\ReadHtmlCacheBehavior [ RunTime:0.000247s ]
INFO: [ app_begin ] --END-- [ RunTime:0.000265s ]
SQL: SHOW COLUMNS FROM `wu_chapter` [ RunTime:0.0004s ]
SQL: SHOW COLUMNS FROM `wu_visitmsg` [ RunTime:0.0004s ]
SQL: SHOW COLUMNS FROM `wu_category` [ RunTime:0.0003s ]
SQL: SELECT * FROM wu_chapter WHERE chapter_category=4  [ RunTime:0.0002s ]
SQL: SELECT * FROM wu_visitmsg ORDER BY visitmsg_id DESC Limit 0,5 [ RunTime:0.0002s ]
SQL: SELECT * FROM wu_category WHERE category_list=1 [ RunTime:0.0001s ]
SQL: SELECT * FROM wu_category  [ RunTime:0.0001s ]
SQL: SELECT * FROM wu_chapter WHERE chapter_category=4 ORDER BY chapter_id DESC Limit 0,5 [ RunTime:0.0002s ]
INFO: [ view_parse ] --START--
INFO: [ template_filter ] --START--
INFO: Run Behavior\ContentReplaceBehavior [ RunTime:0.000045s ]
INFO: [ template_filter ] --END-- [ RunTime:0.000060s ]
INFO: Run Behavior\ParseTemplateBehavior [ RunTime:0.004079s ]
INFO: [ view_parse ] --END-- [ RunTime:0.004102s ]
INFO: [ view_filter ] --START--
INFO: Run Behavior\WriteHtmlCacheBehavior [ RunTime:0.000158s ]
INFO: [ view_filter ] --END-- [ RunTime:0.000173s ]
INFO: [ app_end ] --START--
INFO: Run Behavior\ShowPageTraceBehavior [ RunTime:0.000376s ]
INFO: [ app_end ] --END-- [ RunTime:0.000419s ]
NOTIC: [8] A session had already been started - ignoring session_start() F:\www\WEB\wblog\index.php 第 19 行.

[ 2017-05-19T10:43:36+08:00 ] 127.0.0.1 /index.php/Home/Index/showlist?id=2
INFO: [ app_init ] --START--
INFO: Run Behavior\BuildLiteBehavior [ RunTime:0.000006s ]
INFO: [ app_init ] --END-- [ RunTime:0.000179s ]
INFO: [ app_begin ] --START--
INFO: Run Behavior\ReadHtmlCacheBehavior [ RunTime:0.000238s ]
INFO: [ app_begin ] --END-- [ RunTime:0.000253s ]
SQL: SHOW COLUMNS FROM `wu_chapter` [ RunTime:0.0005s ]
SQL: SHOW COLUMNS FROM `wu_visitmsg` [ RunTime:0.0004s ]
SQL: SHOW COLUMNS FROM `wu_category` [ RunTime:0.0003s ]
SQL: SELECT * FROM wu_chapter WHERE chapter_category=2  [ RunTime:0.0002s ]
SQL: SELECT * FROM wu_visitmsg ORDER BY visitmsg_id DESC Limit 0,5 [ RunTime:0.0002s ]
SQL: SELECT * FROM wu_category WHERE category_list=1 [ RunTime:0.0002s ]
SQL: SELECT * FROM wu_category  [ RunTime:0.0002s ]
SQL: SELECT * FROM wu_chapter WHERE chapter_category=2 ORDER BY chapter_id DESC Limit 0,5 [ RunTime:0.0002s ]
INFO: [ view_parse ] --START--
INFO: [ template_filter ] --START--
INFO: Run Behavior\ContentReplaceBehavior [ RunTime:0.000046s ]
INFO: [ template_filter ] --END-- [ RunTime:0.000062s ]
INFO: Run Behavior\ParseTemplateBehavior [ RunTime:0.004011s ]
INFO: [ view_parse ] --END-- [ RunTime:0.004033s ]
INFO: [ view_filter ] --START--
INFO: Run Behavior\WriteHtmlCacheBehavior [ RunTime:0.000135s ]
INFO: [ view_filter ] --END-- [ RunTime:0.000148s ]
INFO: [ app_end ] --START--
INFO: Run Behavior\ShowPageTraceBehavior [ RunTime:0.000299s ]
INFO: [ app_end ] --END-- [ RunTime:0.000318s ]
NOTIC: [8] A session had already been started - ignoring session_start() F:\www\WEB\wblog\index.php 第 19 行.

[ 2017-05-19T10:45:07+08:00 ] 127.0.0.1 /index.php/Home/Index/showlist?id=2
INFO: [ app_init ] --START--
INFO: Run Behavior\BuildLiteBehavior [ RunTime:0.000005s ]
INFO: [ app_init ] --END-- [ RunTime:0.000179s ]
INFO: [ app_begin ] --START--
INFO: Run Behavior\ReadHtmlCacheBehavior [ RunTime:0.000237s ]
INFO: [ app_begin ] --END-- [ RunTime:0.000254s ]
SQL: SHOW COLUMNS FROM `wu_chapter` [ RunTime:0.0004s ]
SQL: SHOW COLUMNS FROM `wu_visitmsg` [ RunTime:0.0003s ]
SQL: SHOW COLUMNS FROM `wu_category` [ RunTime:0.0002s ]
SQL: SELECT * FROM wu_chapter WHERE chapter_category=2  [ RunTime:0.0002s ]
SQL: SELECT * FROM wu_visitmsg ORDER BY visitmsg_id DESC Limit 0,5 [ RunTime:0.0001s ]
SQL: SELECT * FROM wu_category WHERE category_list=1 [ RunTime:0.0001s ]
SQL: SELECT * FROM wu_category  [ RunTime:0.0001s ]
SQL: SELECT * FROM wu_chapter WHERE chapter_category=2 ORDER BY chapter_id DESC Limit 0,5 [ RunTime:0.0002s ]
INFO: [ view_parse ] --START--
INFO: [ template_filter ] --START--
INFO: Run Behavior\ContentReplaceBehavior [ RunTime:0.000043s ]
INFO: [ template_filter ] --END-- [ RunTime:0.000062s ]
INFO: Run Behavior\ParseTemplateBehavior [ RunTime:0.004947s ]
INFO: [ view_parse ] --END-- [ RunTime:0.004966s ]
INFO: [ view_filter ] --START--
INFO: Run Behavior\WriteHtmlCacheBehavior [ RunTime:0.000123s ]
INFO: [ view_filter ] --END-- [ RunTime:0.000136s ]
INFO: [ app_end ] --START--
INFO: Run Behavior\ShowPageTraceBehavior [ RunTime:0.000323s ]
INFO: [ app_end ] --END-- [ RunTime:0.000338s ]
NOTIC: [8] A session had already been started - ignoring session_start() F:\www\WEB\wblog\index.php 第 19 行.

[ 2017-05-19T10:48:52+08:00 ] 127.0.0.1 /index.php/Home/Index/showlist?id=2
INFO: [ app_init ] --START--
INFO: Run Behavior\BuildLiteBehavior [ RunTime:0.000005s ]
INFO: [ app_init ] --END-- [ RunTime:0.000194s ]
INFO: [ app_begin ] --START--
INFO: Run Behavior\ReadHtmlCacheBehavior [ RunTime:0.000333s ]
INFO: [ app_begin ] --END-- [ RunTime:0.000348s ]
SQL: SHOW COLUMNS FROM `wu_chapter` [ RunTime:0.0006s ]
SQL: SHOW COLUMNS FROM `wu_visitmsg` [ RunTime:0.0003s ]
SQL: SHOW COLUMNS FROM `wu_category` [ RunTime:0.0003s ]
SQL: SELECT * FROM wu_chapter WHERE chapter_category=2  [ RunTime:0.0003s ]
SQL: SELECT * FROM wu_visitmsg ORDER BY visitmsg_id DESC Limit 0,5 [ RunTime:0.0002s ]
SQL: SELECT * FROM wu_category WHERE category_list=1 [ RunTime:0.0002s ]
SQL: SELECT * FROM wu_category  [ RunTime:0.0001s ]
SQL: SELECT * FROM wu_chapter WHERE chapter_category=2 ORDER BY chapter_id DESC Limit 0,5 [ RunTime:0.0002s ]
INFO: [ view_parse ] --START--
INFO: [ template_filter ] --START--
INFO: Run Behavior\ContentReplaceBehavior [ RunTime:0.000044s ]
INFO: [ template_filter ] --END-- [ RunTime:0.000059s ]
INFO: Run Behavior\ParseTemplateBehavior [ RunTime:0.005012s ]
INFO: [ view_parse ] --END-- [ RunTime:0.005029s ]
INFO: [ view_filter ] --START--
INFO: Run Behavior\WriteHtmlCacheBehavior [ RunTime:0.000174s ]
INFO: [ view_filter ] --END-- [ RunTime:0.000187s ]
INFO: [ app_end ] --START--
INFO: Run Behavior\ShowPageTraceBehavior [ RunTime:0.000466s ]
INFO: [ app_end ] --END-- [ RunTime:0.000489s ]
NOTIC: [8] A session had already been started - ignoring session_start() F:\www\WEB\wblog\index.php 第 19 行.

[ 2017-05-19T10:48:59+08:00 ] 127.0.0.1 /index.php/Home/Index/index
INFO: [ app_init ] --START--
INFO: Run Behavior\BuildLiteBehavior [ RunTime:0.000007s ]
INFO: [ app_init ] --END-- [ RunTime:0.000226s ]
INFO: [ app_begin ] --START--
INFO: Run Behavior\ReadHtmlCacheBehavior [ RunTime:0.000329s ]
INFO: [ app_begin ] --END-- [ RunTime:0.000351s ]
SQL: SHOW COLUMNS FROM `wu_chapter` [ RunTime:0.0005s ]
SQL: SHOW COLUMNS FROM `wu_visitmsg` [ RunTime:0.0004s ]
SQL: SHOW COLUMNS FROM `wu_category` [ RunTime:0.0004s ]
SQL: SELECT COUNT(*) AS tp_count FROM `wu_chapter` LIMIT 1   [ RunTime:0.0003s ]
SQL: SELECT * FROM wu_chapter,wu_category WHERE wu_chapter.chapter_category=wu_category.category_id ORDER BY chapter_id DESC Limit 0,5 [ RunTime:0.0010s ]
SQL: SELECT * FROM wu_chapter WHERE chapter_hot=1 [ RunTime:0.0002s ]
SQL: SELECT * FROM wu_chapter,wu_visitmsg WHERE wu_chapter.chapter_id=wu_visitmsg.visitmsg_from ORDER BY visitmsg_id DESC Limit 0,5 [ RunTime:0.0003s ]
SQL: SELECT * FROM wu_category WHERE category_list=1 [ RunTime:0.0002s ]
INFO: [ view_parse ] --START--
INFO: [ template_filter ] --START--
INFO: Run Behavior\ContentReplaceBehavior [ RunTime:0.000058s ]
INFO: [ template_filter ] --END-- [ RunTime:0.000081s ]
NOTIC: [8] Undefined variable: __MODE__ F:\www\WEB\wblog\Application\Runtime\Cache\Home\2a94b8bda04ff446dcedd42276fc99ee.php 第 118 行.
INFO: Run Behavior\ParseTemplateBehavior [ RunTime:0.005384s ]
INFO: [ view_parse ] --END-- [ RunTime:0.005404s ]
INFO: [ view_filter ] --START--
INFO: Run Behavior\WriteHtmlCacheBehavior [ RunTime:0.000197s ]
INFO: [ view_filter ] --END-- [ RunTime:0.000211s ]
INFO: [ app_end ] --START--
INFO: Run Behavior\ShowPageTraceBehavior [ RunTime:0.000386s ]
INFO: [ app_end ] --END-- [ RunTime:0.000418s ]
NOTIC: [8] A session had already been started - ignoring session_start() F:\www\WEB\wblog\index.php 第 19 行.

[ 2017-05-19T10:49:08+08:00 ] 127.0.0.1 /index.php/Home/Index/reading?id=3
INFO: [ app_init ] --START--
INFO: Run Behavior\BuildLiteBehavior [ RunTime:0.000006s ]
INFO: [ app_init ] --END-- [ RunTime:0.000233s ]
INFO: [ app_begin ] --START--
INFO: Run Behavior\ReadHtmlCacheBehavior [ RunTime:0.000372s ]
INFO: [ app_begin ] --END-- [ RunTime:0.000389s ]
SQL: SHOW COLUMNS FROM `wu_chapter` [ RunTime:0.0004s ]
SQL: SHOW COLUMNS FROM `wu_visitmsg` [ RunTime:0.0003s ]
SQL: SHOW COLUMNS FROM `wu_category` [ RunTime:0.0002s ]
SQL: SELECT COUNT(*) AS tp_count FROM `wu_chapter` LIMIT 1   [ RunTime:0.0001s ]
SQL: SELECT * FROM wu_chapter,wu_category WHERE wu_chapter.chapter_category=wu_category.category_id ORDER BY chapter_id DESC Limit 0,5 [ RunTime:0.0005s ]
SQL: SELECT * FROM wu_chapter WHERE chapter_hot=1 [ RunTime:0.0002s ]
SQL: SELECT * FROM wu_chapter,wu_visitmsg WHERE wu_chapter.chapter_id=wu_visitmsg.visitmsg_from ORDER BY visitmsg_id DESC Limit 0,5 [ RunTime:0.0002s ]
SQL: SELECT * FROM wu_category WHERE category_list=1 [ RunTime:0.0001s ]
SQL: SHOW COLUMNS FROM `wu_chapter` [ RunTime:0.0003s ]
SQL: SELECT * FROM wu_chapter WHERE chapter_id=3 [ RunTime:0.0001s ]
NOTIC: [8] Undefined index: chapter_visitmsg F:\www\WEB\wblog\Application\Home\Controller\IndexController.class.php 第 64 行.
SQL: SELECT * FROM wu_chapter WHERE chapter_category = 3 ORDER BY chapter_id DESC LIMIT 0,5  [ RunTime:0.0001s ]
INFO: [ view_parse ] --START--
INFO: [ template_filter ] --START--
INFO: Run Behavior\ContentReplaceBehavior [ RunTime:0.000054s ]
INFO: [ template_filter ] --END-- [ RunTime:0.000071s ]
NOTIC: [8] Undefined variable: __MODE__ F:\www\WEB\wblog\Application\Runtime\Cache\Home\707d1e001cf9da55264bba6cb98a7a40.php 第 117 行.
INFO: Run Behavior\ParseTemplateBehavior [ RunTime:0.004784s ]
INFO: [ view_parse ] --END-- [ RunTime:0.004800s ]
INFO: [ view_filter ] --START--
INFO: Run Behavior\WriteHtmlCacheBehavior [ RunTime:0.000183s ]
INFO: [ view_filter ] --END-- [ RunTime:0.000195s ]
INFO: [ app_end ] --START--
INFO: Run Behavior\ShowPageTraceBehavior [ RunTime:0.000336s ]
INFO: [ app_end ] --END-- [ RunTime:0.000354s ]
NOTIC: [8] A session had already been started - ignoring session_start() F:\www\WEB\wblog\index.php 第 19 行.

[ 2017-05-19T10:50:07+08:00 ] 127.0.0.1 /index.php/Home/Index/reading?id=3
INFO: [ app_init ] --START--
INFO: Run Behavior\BuildLiteBehavior [ RunTime:0.000005s ]
INFO: [ app_init ] --END-- [ RunTime:0.000179s ]
INFO: [ app_begin ] --START--
INFO: Run Behavior\ReadHtmlCacheBehavior [ RunTime:0.000238s ]
INFO: [ app_begin ] --END-- [ RunTime:0.000255s ]
SQL: SHOW COLUMNS FROM `wu_chapter` [ RunTime:0.0004s ]
SQL: SHOW COLUMNS FROM `wu_visitmsg` [ RunTime:0.0003s ]
SQL: SHOW COLUMNS FROM `wu_category` [ RunTime:0.0002s ]
SQL: SELECT COUNT(*) AS tp_count FROM `wu_chapter` LIMIT 1   [ RunTime:0.0002s ]
SQL: SELECT * FROM wu_chapter,wu_category WHERE wu_chapter.chapter_category=wu_category.category_id ORDER BY chapter_id DESC Limit 0,5 [ RunTime:0.0006s ]
SQL: SELECT * FROM wu_chapter WHERE chapter_hot=1 [ RunTime:0.0002s ]
SQL: SELECT * FROM wu_chapter,wu_visitmsg WHERE wu_chapter.chapter_id=wu_visitmsg.visitmsg_from ORDER BY visitmsg_id DESC Limit 0,5 [ RunTime:0.0002s ]
SQL: SELECT * FROM wu_category WHERE category_list=1 [ RunTime:0.0001s ]
SQL: SHOW COLUMNS FROM `wu_chapter` [ RunTime:0.0002s ]
SQL: SELECT * FROM wu_chapter WHERE chapter_id=3 [ RunTime:0.0001s ]
NOTIC: [8] Undefined index: chapter_visitmsg F:\www\WEB\wblog\Application\Home\Controller\IndexController.class.php 第 64 行.
SQL: SELECT * FROM wu_chapter WHERE chapter_category = 3 ORDER BY chapter_id DESC LIMIT 0,5  [ RunTime:0.0001s ]
INFO: [ view_parse ] --START--
INFO: [ template_filter ] --START--
INFO: Run Behavior\ContentReplaceBehavior [ RunTime:0.000049s ]
INFO: [ template_filter ] --END-- [ RunTime:0.000063s ]
NOTIC: [8] Undefined variable: __MODE__ F:\www\WEB\wblog\Application\Runtime\Cache\Home\707d1e001cf9da55264bba6cb98a7a40.php 第 117 行.
NOTIC: [8] Undefined index: chapter_name F:\www\WEB\wblog\Application\Runtime\Cache\Home\707d1e001cf9da55264bba6cb98a7a40.php 第 151 行.
NOTIC: [8] Undefined index: chapter_name F:\www\WEB\wblog\Application\Runtime\Cache\Home\707d1e001cf9da55264bba6cb98a7a40.php 第 151 行.
NOTIC: [8] Undefined index: chapter_name F:\www\WEB\wblog\Application\Runtime\Cache\Home\707d1e001cf9da55264bba6cb98a7a40.php 第 151 行.
INFO: Run Behavior\ParseTemplateBehavior [ RunTime:0.004075s ]
INFO: [ view_parse ] --END-- [ RunTime:0.004088s ]
INFO: [ view_filter ] --START--
INFO: Run Behavior\WriteHtmlCacheBehavior [ RunTime:0.000114s ]
INFO: [ view_filter ] --END-- [ RunTime:0.000125s ]
INFO: [ app_end ] --START--
INFO: Run Behavior\ShowPageTraceBehavior [ RunTime:0.000368s ]
INFO: [ app_end ] --END-- [ RunTime:0.000412s ]
NOTIC: [8] A session had already been started - ignoring session_start() F:\www\WEB\wblog\index.php 第 19 行.

[ 2017-05-19T10:50:30+08:00 ] 127.0.0.1 /index.php/Home/Index/reading?id=3
INFO: [ app_init ] --START--
INFO: Run Behavior\BuildLiteBehavior [ RunTime:0.000006s ]
INFO: [ app_init ] --END-- [ RunTime:0.000178s ]
INFO: [ app_begin ] --START--
INFO: Run Behavior\ReadHtmlCacheBehavior [ RunTime:0.000236s ]
INFO: [ app_begin ] --END-- [ RunTime:0.000251s ]
SQL: SHOW COLUMNS FROM `wu_chapter` [ RunTime:0.0006s ]
SQL: SHOW COLUMNS FROM `wu_visitmsg` [ RunTime:0.0004s ]
SQL: SHOW COLUMNS FROM `wu_category` [ RunTime:0.0004s ]
SQL: SELECT COUNT(*) AS tp_count FROM `wu_chapter` LIMIT 1   [ RunTime:0.0002s ]
SQL: SELECT * FROM wu_chapter,wu_category WHERE wu_chapter.chapter_category=wu_category.category_id ORDER BY chapter_id DESC Limit 0,5 [ RunTime:0.0006s ]
SQL: SELECT * FROM wu_chapter WHERE chapter_hot=1 [ RunTime:0.0002s ]
SQL: SELECT * FROM wu_chapter,wu_visitmsg WHERE wu_chapter.chapter_id=wu_visitmsg.visitmsg_from ORDER BY visitmsg_id DESC Limit 0,5 [ RunTime:0.0003s ]
SQL: SELECT * FROM wu_category WHERE category_list=1 [ RunTime:0.0002s ]
SQL: SHOW COLUMNS FROM `wu_chapter` [ RunTime:0.0004s ]
SQL: SELECT * FROM wu_chapter WHERE chapter_id=3 [ RunTime:0.0002s ]
NOTIC: [8] Undefined index: chapter_visitmsg F:\www\WEB\wblog\Application\Home\Controller\IndexController.class.php 第 64 行.
SQL: SELECT * FROM wu_chapter WHERE chapter_category = 3 ORDER BY chapter_id DESC LIMIT 0,5  [ RunTime:0.0003s ]
INFO: [ view_parse ] --START--
INFO: [ template_filter ] --START--
INFO: Run Behavior\ContentReplaceBehavior [ RunTime:0.000055s ]
INFO: [ template_filter ] --END-- [ RunTime:0.000076s ]
NOTIC: [8] Undefined variable: __MODE__ F:\www\WEB\wblog\Application\Runtime\Cache\Home\707d1e001cf9da55264bba6cb98a7a40.php 第 117 行.
NOTIC: [8] Undefined index: chapter_name F:\www\WEB\wblog\Application\Runtime\Cache\Home\707d1e001cf9da55264bba6cb98a7a40.php 第 151 行.
NOTIC: [8] Undefined index: chapter_name F:\www\WEB\wblog\Application\Runtime\Cache\Home\707d1e001cf9da55264bba6cb98a7a40.php 第 151 行.
NOTIC: [8] Undefined index: chapter_name F:\www\WEB\wblog\Application\Runtime\Cache\Home\707d1e001cf9da55264bba6cb98a7a40.php 第 151 行.
INFO: Run Behavior\ParseTemplateBehavior [ RunTime:0.004353s ]
INFO: [ view_parse ] --END-- [ RunTime:0.004369s ]
INFO: [ view_filter ] --START--
INFO: Run Behavior\WriteHtmlCacheBehavior [ RunTime:0.000125s ]
INFO: [ view_filter ] --END-- [ RunTime:0.000138s ]
INFO: [ app_end ] --START--
INFO: Run Behavior\ShowPageTraceBehavior [ RunTime:0.000272s ]
INFO: [ app_end ] --END-- [ RunTime:0.000287s ]
NOTIC: [8] A session had already been started - ignoring session_start() F:\www\WEB\wblog\index.php 第 19 行.

[ 2017-05-19T10:51:17+08:00 ] 127.0.0.1 /index.php/Home/Index/reading?id=3
INFO: [ app_init ] --START--
INFO: Run Behavior\BuildLiteBehavior [ RunTime:0.000006s ]
INFO: [ app_init ] --END-- [ RunTime:0.000200s ]
INFO: [ app_begin ] --START--
INFO: Run Behavior\ReadHtmlCacheBehavior [ RunTime:0.000296s ]
INFO: [ app_begin ] --END-- [ RunTime:0.000313s ]
SQL: SHOW COLUMNS FROM `wu_chapter` [ RunTime:0.0007s ]
SQL: SHOW COLUMNS FROM `wu_visitmsg` [ RunTime:0.0004s ]
SQL: SHOW COLUMNS FROM `wu_category` [ RunTime:0.0003s ]
SQL: SELECT COUNT(*) AS tp_count FROM `wu_chapter` LIMIT 1   [ RunTime:0.0001s ]
SQL: SELECT * FROM wu_chapter,wu_category WHERE wu_chapter.chapter_category=wu_category.category_id ORDER BY chapter_id DESC Limit 0,5 [ RunTime:0.0005s ]
SQL: SELECT * FROM wu_chapter WHERE chapter_hot=1 [ RunTime:0.0002s ]
SQL: SELECT * FROM wu_chapter,wu_visitmsg WHERE wu_chapter.chapter_id=wu_visitmsg.visitmsg_from ORDER BY visitmsg_id DESC Limit 0,5 [ RunTime:0.0002s ]
SQL: SELECT * FROM wu_category WHERE category_list=1 [ RunTime:0.0001s ]
SQL: SHOW COLUMNS FROM `wu_chapter` [ RunTime:0.0004s ]
SQL: SELECT * FROM wu_chapter WHERE chapter_id=3 [ RunTime:0.0002s ]
NOTIC: [8] Undefined index: chapter_visitmsg F:\www\WEB\wblog\Application\Home\Controller\IndexController.class.php 第 64 行.
SQL: SELECT * FROM wu_chapter WHERE chapter_category = 3 ORDER BY chapter_id DESC LIMIT 0,5  [ RunTime:0.0002s ]
INFO: [ view_parse ] --START--
INFO: [ template_filter ] --START--
INFO: Run Behavior\ContentReplaceBehavior [ RunTime:0.000053s ]
INFO: [ template_filter ] --END-- [ RunTime:0.000068s ]
NOTIC: [8] Undefined variable: __MODE__ F:\www\WEB\wblog\Application\Runtime\Cache\Home\707d1e001cf9da55264bba6cb98a7a40.php 第 117 行.
INFO: Run Behavior\ParseTemplateBehavior [ RunTime:0.004493s ]
INFO: [ view_parse ] --END-- [ RunTime:0.004508s ]
INFO: [ view_filter ] --START--
INFO: Run Behavior\WriteHtmlCacheBehavior [ RunTime:0.000172s ]
INFO: [ view_filter ] --END-- [ RunTime:0.000184s ]
INFO: [ app_end ] --START--
INFO: Run Behavior\ShowPageTraceBehavior [ RunTime:0.000318s ]
INFO: [ app_end ] --END-- [ RunTime:0.000335s ]
NOTIC: [8] A session had already been started - ignoring session_start() F:\www\WEB\wblog\index.php 第 19 行.

[ 2017-05-19T10:51:20+08:00 ] 127.0.0.1 /index.php/Home/Index/reading?id=3
INFO: [ app_init ] --START--
INFO: Run Behavior\BuildLiteBehavior [ RunTime:0.000005s ]
INFO: [ app_init ] --END-- [ RunTime:0.000177s ]
INFO: [ app_begin ] --START--
INFO: Run Behavior\ReadHtmlCacheBehavior [ RunTime:0.000235s ]
INFO: [ app_begin ] --END-- [ RunTime:0.000251s ]
SQL: SHOW COLUMNS FROM `wu_chapter` [ RunTime:0.0005s ]
SQL: SHOW COLUMNS FROM `wu_visitmsg` [ RunTime:0.0005s ]
SQL: SHOW COLUMNS FROM `wu_category` [ RunTime:0.0004s ]
SQL: SELECT COUNT(*) AS tp_count FROM `wu_chapter` LIMIT 1   [ RunTime:0.0002s ]
SQL: SELECT * FROM wu_chapter,wu_category WHERE wu_chapter.chapter_category=wu_category.category_id ORDER BY chapter_id DESC Limit 0,5 [ RunTime:0.0006s ]
SQL: SELECT * FROM wu_chapter WHERE chapter_hot=1 [ RunTime:0.0002s ]
SQL: SELECT * FROM wu_chapter,wu_visitmsg WHERE wu_chapter.chapter_id=wu_visitmsg.visitmsg_from ORDER BY visitmsg_id DESC Limit 0,5 [ RunTime:0.0003s ]
SQL: SELECT * FROM wu_category WHERE category_list=1 [ RunTime:0.0002s ]
SQL: SHOW COLUMNS FROM `wu_chapter` [ RunTime:0.0004s ]
SQL: SELECT * FROM wu_chapter WHERE chapter_id=3 [ RunTime:0.0002s ]
NOTIC: [8] Undefined index: chapter_visitmsg F:\www\WEB\wblog\Application\Home\Controller\IndexController.class.php 第 64 行.
SQL: SELECT * FROM wu_chapter WHERE chapter_category = 3 ORDER BY chapter_id DESC LIMIT 0,5  [ RunTime:0.0002s ]
INFO: [ view_parse ] --START--
INFO: [ template_filter ] --START--
INFO: Run Behavior\ContentReplaceBehavior [ RunTime:0.000054s ]
INFO: [ template_filter ] --END-- [ RunTime:0.000074s ]
NOTIC: [8] Undefined variable: __MODE__ F:\www\WEB\wblog\Application\Runtime\Cache\Home\707d1e001cf9da55264bba6cb98a7a40.php 第 117 行.
INFO: Run Behavior\ParseTemplateBehavior [ RunTime:0.004258s ]
INFO: [ view_parse ] --END-- [ RunTime:0.004273s ]
INFO: [ view_filter ] --START--
INFO: Run Behavior\WriteHtmlCacheBehavior [ RunTime:0.000123s ]
INFO: [ view_filter ] --END-- [ RunTime:0.000135s ]
INFO: [ app_end ] --START--
INFO: Run Behavior\ShowPageTraceBehavior [ RunTime:0.000265s ]
INFO: [ app_end ] --END-- [ RunTime:0.000283s ]
NOTIC: [8] A session had already been started - ignoring session_start() F:\www\WEB\wblog\index.php 第 19 行.

[ 2017-05-19T10:51:23+08:00 ] 127.0.0.1 /index.php/Home/Index/reading?id=8
INFO: [ app_init ] --START--
INFO: Run Behavior\BuildLiteBehavior [ RunTime:0.000005s ]
INFO: [ app_init ] --END-- [ RunTime:0.000245s ]
INFO: [ app_begin ] --START--
INFO: Run Behavior\ReadHtmlCacheBehavior [ RunTime:0.000243s ]
INFO: [ app_begin ] --END-- [ RunTime:0.000260s ]
SQL: SHOW COLUMNS FROM `wu_chapter` [ RunTime:0.0004s ]
SQL: SHOW COLUMNS FROM `wu_visitmsg` [ RunTime:0.0003s ]
SQL: SHOW COLUMNS FROM `wu_category` [ RunTime:0.0004s ]
SQL: SELECT COUNT(*) AS tp_count FROM `wu_chapter` LIMIT 1   [ RunTime:0.0002s ]
SQL: SELECT * FROM wu_chapter,wu_category WHERE wu_chapter.chapter_category=wu_category.category_id ORDER BY chapter_id DESC Limit 0,5 [ RunTime:0.0006s ]
SQL: SELECT * FROM wu_chapter WHERE chapter_hot=1 [ RunTime:0.0002s ]
SQL: SELECT * FROM wu_chapter,wu_visitmsg WHERE wu_chapter.chapter_id=wu_visitmsg.visitmsg_from ORDER BY visitmsg_id DESC Limit 0,5 [ RunTime:0.0003s ]
SQL: SELECT * FROM wu_category WHERE category_list=1 [ RunTime:0.0002s ]
SQL: SHOW COLUMNS FROM `wu_chapter` [ RunTime:0.0004s ]
SQL: SELECT * FROM wu_chapter WHERE chapter_id=8 [ RunTime:0.0003s ]
NOTIC: [8] Undefined index: chapter_visitmsg F:\www\WEB\wblog\Application\Home\Controller\IndexController.class.php 第 64 行.
SQL: SELECT * FROM wu_chapter WHERE chapter_category = 1 ORDER BY chapter_id DESC LIMIT 0,5  [ RunTime:0.0003s ]
INFO: [ view_parse ] --START--
INFO: [ template_filter ] --START--
INFO: Run Behavior\ContentReplaceBehavior [ RunTime:0.000053s ]
INFO: [ template_filter ] --END-- [ RunTime:0.000068s ]
NOTIC: [8] Undefined variable: __MODE__ F:\www\WEB\wblog\Application\Runtime\Cache\Home\707d1e001cf9da55264bba6cb98a7a40.php 第 117 行.
INFO: Run Behavior\ParseTemplateBehavior [ RunTime:0.004086s ]
INFO: [ view_parse ] --END-- [ RunTime:0.004101s ]
INFO: [ view_filter ] --START--
INFO: Run Behavior\WriteHtmlCacheBehavior [ RunTime:0.000119s ]
INFO: [ view_filter ] --END-- [ RunTime:0.000131s ]
INFO: [ app_end ] --START--
INFO: Run Behavior\ShowPageTraceBehavior [ RunTime:0.000268s ]
INFO: [ app_end ] --END-- [ RunTime:0.000284s ]
NOTIC: [8] A session had already been started - ignoring session_start() F:\www\WEB\wblog\index.php 第 19 行.

[ 2017-05-19T10:53:00+08:00 ] 127.0.0.1 /index.php/Home/Index/reading?id=8
INFO: [ app_init ] --START--
INFO: Run Behavior\BuildLiteBehavior [ RunTime:0.000005s ]
INFO: [ app_init ] --END-- [ RunTime:0.000176s ]
INFO: [ app_begin ] --START--
INFO: Run Behavior\ReadHtmlCacheBehavior [ RunTime:0.000235s ]
INFO: [ app_begin ] --END-- [ RunTime:0.000251s ]
SQL: SHOW COLUMNS FROM `wu_chapter` [ RunTime:0.0004s ]
SQL: SHOW COLUMNS FROM `wu_visitmsg` [ RunTime:0.0002s ]
SQL: SHOW COLUMNS FROM `wu_category` [ RunTime:0.0002s ]
SQL: SELECT COUNT(*) AS tp_count FROM `wu_chapter` LIMIT 1   [ RunTime:0.0001s ]
SQL: SELECT * FROM wu_chapter,wu_category WHERE wu_chapter.chapter_category=wu_category.category_id ORDER BY chapter_id DESC Limit 0,5 [ RunTime:0.0005s ]
SQL: SELECT * FROM wu_chapter WHERE chapter_hot=1 [ RunTime:0.0002s ]
SQL: SELECT * FROM wu_chapter,wu_visitmsg WHERE wu_chapter.chapter_id=wu_visitmsg.visitmsg_from ORDER BY visitmsg_id DESC Limit 0,5 [ RunTime:0.0002s ]
SQL: SELECT * FROM wu_category WHERE category_list=1 [ RunTime:0.0001s ]
SQL: SHOW COLUMNS FROM `wu_chapter` [ RunTime:0.0003s ]
SQL: SELECT * FROM wu_chapter WHERE chapter_id=8 [ RunTime:0.0001s ]
NOTIC: [8] Undefined index: chapter_visitmsg F:\www\WEB\wblog\Application\Home\Controller\IndexController.class.php 第 64 行.
SQL: SELECT * FROM wu_chapter WHERE chapter_category = 1 ORDER BY chapter_id DESC LIMIT 0,5  [ RunTime:0.0002s ]
INFO: [ view_parse ] --START--
INFO: [ template_filter ] --START--
INFO: Run Behavior\ContentReplaceBehavior [ RunTime:0.000054s ]
INFO: [ template_filter ] --END-- [ RunTime:0.000072s ]
NOTIC: [8] Undefined variable: __MODE__ F:\www\WEB\wblog\Application\Runtime\Cache\Home\707d1e001cf9da55264bba6cb98a7a40.php 第 117 行.
INFO: Run Behavior\ParseTemplateBehavior [ RunTime:0.004246s ]
INFO: [ view_parse ] --END-- [ RunTime:0.004262s ]
INFO: [ view_filter ] --START--
INFO: Run Behavior\WriteHtmlCacheBehavior [ RunTime:0.000123s ]
INFO: [ view_filter ] --END-- [ RunTime:0.000135s ]
INFO: [ app_end ] --START--
INFO: Run Behavior\ShowPageTraceBehavior [ RunTime:0.000281s ]
INFO: [ app_end ] --END-- [ RunTime:0.000297s ]
NOTIC: [8] A session had already been started - ignoring session_start() F:\www\WEB\wblog\index.php 第 19 行.

[ 2017-05-19T10:53:02+08:00 ] 127.0.0.1 /index.php/Home/Index/showlist?id=1
INFO: [ app_init ] --START--
INFO: Run Behavior\BuildLiteBehavior [ RunTime:0.000005s ]
INFO: [ app_init ] --END-- [ RunTime:0.000181s ]
INFO: [ app_begin ] --START--
INFO: Run Behavior\ReadHtmlCacheBehavior [ RunTime:0.000236s ]
INFO: [ app_begin ] --END-- [ RunTime:0.000253s ]
SQL: SHOW COLUMNS FROM `wu_chapter` [ RunTime:0.0004s ]
SQL: SHOW COLUMNS FROM `wu_visitmsg` [ RunTime:0.0003s ]
SQL: SHOW COLUMNS FROM `wu_category` [ RunTime:0.0003s ]
SQL: SELECT * FROM wu_chapter WHERE chapter_category=1  [ RunTime:0.0003s ]
SQL: SELECT * FROM wu_chapter,wu_visitmsg WHERE wu_chapter.chapter_id=wu_visitmsg.visitmsg_from ORDER BY visitmsg_id DESC Limit 0,5 [ RunTime:0.0002s ]
SQL: SELECT * FROM wu_category WHERE category_list=1 [ RunTime:0.0001s ]
SQL: SELECT * FROM wu_category  [ RunTime:0.0001s ]
SQL: SELECT * FROM wu_chapter WHERE chapter_category=1 ORDER BY chapter_id DESC Limit 0,5 [ RunTime:0.0002s ]
INFO: [ view_parse ] --START--
INFO: [ template_filter ] --START--
INFO: Run Behavior\ContentReplaceBehavior [ RunTime:0.000047s ]
INFO: [ template_filter ] --END-- [ RunTime:0.000070s ]
INFO: Run Behavior\ParseTemplateBehavior [ RunTime:0.004319s ]
INFO: [ view_parse ] --END-- [ RunTime:0.004347s ]
INFO: [ view_filter ] --START--
INFO: Run Behavior\WriteHtmlCacheBehavior [ RunTime:0.000162s ]
INFO: [ view_filter ] --END-- [ RunTime:0.000176s ]
INFO: [ app_end ] --START--
INFO: Run Behavior\ShowPageTraceBehavior [ RunTime:0.000305s ]
INFO: [ app_end ] --END-- [ RunTime:0.000325s ]
NOTIC: [8] A session had already been started - ignoring session_start() F:\www\WEB\wblog\index.php 第 19 行.

[ 2017-05-19T11:38:06+08:00 ] 127.0.0.1 /index.php/Home/Index/showlist?id=1
INFO: [ app_init ] --START--
INFO: Run Behavior\BuildLiteBehavior [ RunTime:0.000008s ]
INFO: [ app_init ] --END-- [ RunTime:0.000202s ]
INFO: [ app_begin ] --START--
INFO: Run Behavior\ReadHtmlCacheBehavior [ RunTime:0.000282s ]
INFO: [ app_begin ] --END-- [ RunTime:0.000306s ]
SQL: SHOW COLUMNS FROM `wu_chapter` [ RunTime:0.0005s ]
SQL: SHOW COLUMNS FROM `wu_visitmsg` [ RunTime:0.0004s ]
SQL: SHOW COLUMNS FROM `wu_category` [ RunTime:0.0003s ]
SQL: SELECT * FROM wu_chapter WHERE chapter_category=1  [ RunTime:0.0003s ]
SQL: SELECT * FROM wu_chapter,wu_visitmsg WHERE wu_chapter.chapter_id=wu_visitmsg.visitmsg_from ORDER BY visitmsg_id DESC Limit 0,5 [ RunTime:0.0003s ]
SQL: SELECT * FROM wu_category WHERE category_list=1 [ RunTime:0.0001s ]
SQL: SELECT * FROM wu_category  [ RunTime:0.0001s ]
SQL: SELECT * FROM wu_chapter WHERE chapter_category=1 ORDER BY chapter_id DESC Limit 0,5 [ RunTime:0.0003s ]
INFO: [ view_parse ] --START--
INFO: [ template_filter ] --START--
INFO: Run Behavior\ContentReplaceBehavior [ RunTime:0.000049s ]
INFO: [ template_filter ] --END-- [ RunTime:0.000071s ]
INFO: Run Behavior\ParseTemplateBehavior [ RunTime:0.004476s ]
INFO: [ view_parse ] --END-- [ RunTime:0.004502s ]
INFO: [ view_filter ] --START--
INFO: Run Behavior\WriteHtmlCacheBehavior [ RunTime:0.000143s ]
INFO: [ view_filter ] --END-- [ RunTime:0.000157s ]
INFO: [ app_end ] --START--
INFO: Run Behavior\ShowPageTraceBehavior [ RunTime:0.000316s ]
INFO: [ app_end ] --END-- [ RunTime:0.000341s ]
NOTIC: [8] A session had already been started - ignoring session_start() F:\www\WEB\wblog\index.php 第 19 行.

[ 2017-05-19T11:38:09+08:00 ] 127.0.0.1 /index.php/Home/Index/showlist?id=1&page=2
INFO: [ app_init ] --START--
INFO: Run Behavior\BuildLiteBehavior [ RunTime:0.000006s ]
INFO: [ app_init ] --END-- [ RunTime:0.000178s ]
INFO: [ app_begin ] --START--
INFO: Run Behavior\ReadHtmlCacheBehavior [ RunTime:0.000236s ]
INFO: [ app_begin ] --END-- [ RunTime:0.000253s ]
SQL: SHOW COLUMNS FROM `wu_chapter` [ RunTime:0.0005s ]
SQL: SHOW COLUMNS FROM `wu_visitmsg` [ RunTime:0.0004s ]
SQL: SHOW COLUMNS FROM `wu_category` [ RunTime:0.0004s ]
SQL: SELECT * FROM wu_chapter WHERE chapter_category=1  [ RunTime:0.0003s ]
SQL: SELECT * FROM wu_chapter,wu_visitmsg WHERE wu_chapter.chapter_id=wu_visitmsg.visitmsg_from ORDER BY visitmsg_id DESC Limit 5,5 [ RunTime:0.0002s ]
SQL: SELECT * FROM wu_category WHERE category_list=1 [ RunTime:0.0001s ]
SQL: SELECT * FROM wu_category  [ RunTime:0.0001s ]
SQL: SELECT * FROM wu_chapter WHERE chapter_category=1 ORDER BY chapter_id DESC Limit 5,5 [ RunTime:0.0001s ]
INFO: [ view_parse ] --START--
INFO: [ template_filter ] --START--
INFO: Run Behavior\ContentReplaceBehavior [ RunTime:0.000048s ]
INFO: [ template_filter ] --END-- [ RunTime:0.000071s ]
INFO: Run Behavior\ParseTemplateBehavior [ RunTime:0.004313s ]
INFO: [ view_parse ] --END-- [ RunTime:0.004340s ]
INFO: [ view_filter ] --START--
INFO: Run Behavior\WriteHtmlCacheBehavior [ RunTime:0.000147s ]
INFO: [ view_filter ] --END-- [ RunTime:0.000161s ]
INFO: [ app_end ] --START--
INFO: Run Behavior\ShowPageTraceBehavior [ RunTime:0.000280s ]
INFO: [ app_end ] --END-- [ RunTime:0.000298s ]
NOTIC: [8] A session had already been started - ignoring session_start() F:\www\WEB\wblog\index.php 第 19 行.

[ 2017-05-19T11:38:11+08:00 ] 127.0.0.1 /index.php/Home/Index/showlist?id=1&page=3
INFO: [ app_init ] --START--
INFO: Run Behavior\BuildLiteBehavior [ RunTime:0.000007s ]
INFO: [ app_init ] --END-- [ RunTime:0.000206s ]
INFO: [ app_begin ] --START--
INFO: Run Behavior\ReadHtmlCacheBehavior [ RunTime:0.000264s ]
INFO: [ app_begin ] --END-- [ RunTime:0.000284s ]
SQL: SHOW COLUMNS FROM `wu_chapter` [ RunTime:0.0004s ]
SQL: SHOW COLUMNS FROM `wu_visitmsg` [ RunTime:0.0004s ]
SQL: SHOW COLUMNS FROM `wu_category` [ RunTime:0.0004s ]
SQL: SELECT * FROM wu_chapter WHERE chapter_category=1  [ RunTime:0.0003s ]
SQL: SELECT * FROM wu_chapter,wu_visitmsg WHERE wu_chapter.chapter_id=wu_visitmsg.visitmsg_from ORDER BY visitmsg_id DESC Limit 10,5 [ RunTime:0.0003s ]
SQL: SELECT * FROM wu_category WHERE category_list=1 [ RunTime:0.0002s ]
SQL: SELECT * FROM wu_category  [ RunTime:0.0002s ]
SQL: SELECT * FROM wu_chapter WHERE chapter_category=1 ORDER BY chapter_id DESC Limit 10,5 [ RunTime:0.0002s ]
INFO: [ view_parse ] --START--
INFO: [ template_filter ] --START--
INFO: Run Behavior\ContentReplaceBehavior [ RunTime:0.000047s ]
INFO: [ template_filter ] --END-- [ RunTime:0.000067s ]
INFO: Run Behavior\ParseTemplateBehavior [ RunTime:0.004133s ]
INFO: [ view_parse ] --END-- [ RunTime:0.004155s ]
INFO: [ view_filter ] --START--
INFO: Run Behavior\WriteHtmlCacheBehavior [ RunTime:0.000133s ]
INFO: [ view_filter ] --END-- [ RunTime:0.000145s ]
INFO: [ app_end ] --START--
INFO: Run Behavior\ShowPageTraceBehavior [ RunTime:0.000263s ]
INFO: [ app_end ] --END-- [ RunTime:0.000275s ]
NOTIC: [8] A session had already been started - ignoring session_start() F:\www\WEB\wblog\index.php 第 19 行.

[ 2017-05-19T11:38:14+08:00 ] 127.0.0.1 /index.php/Home/Index/showlist?id=1&page=4
INFO: [ app_init ] --START--
INFO: Run Behavior\BuildLiteBehavior [ RunTime:0.000006s ]
INFO: [ app_init ] --END-- [ RunTime:0.000180s ]
INFO: [ app_begin ] --START--
INFO: Run Behavior\ReadHtmlCacheBehavior [ RunTime:0.000239s ]
INFO: [ app_begin ] --END-- [ RunTime:0.000255s ]
SQL: SHOW COLUMNS FROM `wu_chapter` [ RunTime:0.0004s ]
SQL: SHOW COLUMNS FROM `wu_visitmsg` [ RunTime:0.0003s ]
SQL: SHOW COLUMNS FROM `wu_category` [ RunTime:0.0003s ]
SQL: SELECT * FROM wu_chapter WHERE chapter_category=1  [ RunTime:0.0003s ]
SQL: SELECT * FROM wu_chapter,wu_visitmsg WHERE wu_chapter.chapter_id=wu_visitmsg.visitmsg_from ORDER BY visitmsg_id DESC Limit 15,5 [ RunTime:0.0002s ]
SQL: SELECT * FROM wu_category WHERE category_list=1 [ RunTime:0.0001s ]
SQL: SELECT * FROM wu_category  [ RunTime:0.0001s ]
SQL: SELECT * FROM wu_chapter WHERE chapter_category=1 ORDER BY chapter_id DESC Limit 15,5 [ RunTime:0.0002s ]
INFO: [ view_parse ] --START--
INFO: [ template_filter ] --START--
INFO: Run Behavior\ContentReplaceBehavior [ RunTime:0.000044s ]
INFO: [ template_filter ] --END-- [ RunTime:0.000064s ]
INFO: Run Behavior\ParseTemplateBehavior [ RunTime:0.004110s ]
INFO: [ view_parse ] --END-- [ RunTime:0.004131s ]
INFO: [ view_filter ] --START--
INFO: Run Behavior\WriteHtmlCacheBehavior [ RunTime:0.000129s ]
INFO: [ view_filter ] --END-- [ RunTime:0.000143s ]
INFO: [ app_end ] --START--
INFO: Run Behavior\ShowPageTraceBehavior [ RunTime:0.000259s ]
INFO: [ app_end ] --END-- [ RunTime:0.000273s ]
NOTIC: [8] A session had already been started - ignoring session_start() F:\www\WEB\wblog\index.php 第 19 行.

[ 2017-05-19T11:38:35+08:00 ] 127.0.0.1 /index.php
INFO: [ app_init ] --START--
INFO: Run Behavior\BuildLiteBehavior [ RunTime:0.000006s ]
INFO: [ app_init ] --END-- [ RunTime:0.000208s ]
INFO: [ app_begin ] --START--
INFO: Run Behavior\ReadHtmlCacheBehavior [ RunTime:0.000304s ]
INFO: [ app_begin ] --END-- [ RunTime:0.000320s ]
SQL: SHOW COLUMNS FROM `wu_chapter` [ RunTime:0.0004s ]
SQL: SHOW COLUMNS FROM `wu_visitmsg` [ RunTime:0.0003s ]
SQL: SHOW COLUMNS FROM `wu_category` [ RunTime:0.0003s ]
SQL: SELECT COUNT(*) AS tp_count FROM `wu_chapter` LIMIT 1   [ RunTime:0.0002s ]
SQL: SELECT * FROM wu_chapter,wu_category WHERE wu_chapter.chapter_category=wu_category.category_id ORDER BY chapter_id DESC Limit 0,5 [ RunTime:0.0005s ]
SQL: SELECT * FROM wu_chapter WHERE chapter_hot=1 [ RunTime:0.0002s ]
SQL: SELECT * FROM wu_chapter,wu_visitmsg WHERE wu_chapter.chapter_id=wu_visitmsg.visitmsg_from ORDER BY visitmsg_id DESC Limit 0,5 [ RunTime:0.0002s ]
SQL: SELECT * FROM wu_category WHERE category_list=1 [ RunTime:0.0001s ]
INFO: [ view_parse ] --START--
INFO: [ template_filter ] --START--
INFO: Run Behavior\ContentReplaceBehavior [ RunTime:0.000054s ]
INFO: [ template_filter ] --END-- [ RunTime:0.000070s ]
NOTIC: [8] Undefined variable: __MODE__ F:\www\WEB\wblog\Application\Runtime\Cache\Home\2a94b8bda04ff446dcedd42276fc99ee.php 第 118 行.
INFO: Run Behavior\ParseTemplateBehavior [ RunTime:0.004723s ]
INFO: [ view_parse ] --END-- [ RunTime:0.004740s ]
INFO: [ view_filter ] --START--
INFO: Run Behavior\WriteHtmlCacheBehavior [ RunTime:0.000181s ]
INFO: [ view_filter ] --END-- [ RunTime:0.000194s ]
INFO: [ app_end ] --START--
INFO: Run Behavior\ShowPageTraceBehavior [ RunTime:0.000334s ]
INFO: [ app_end ] --END-- [ RunTime:0.000355s ]
NOTIC: [8] A session had already been started - ignoring session_start() F:\www\WEB\wblog\index.php 第 19 行.

[ 2017-05-19T11:38:42+08:00 ] 127.0.0.1 /index.php/Home/Index/index
INFO: [ app_init ] --START--
INFO: Run Behavior\BuildLiteBehavior [ RunTime:0.000006s ]
INFO: [ app_init ] --END-- [ RunTime:0.000180s ]
INFO: [ app_begin ] --START--
INFO: Run Behavior\ReadHtmlCacheBehavior [ RunTime:0.000235s ]
INFO: [ app_begin ] --END-- [ RunTime:0.000252s ]
SQL: SHOW COLUMNS FROM `wu_chapter` [ RunTime:0.0005s ]
SQL: SHOW COLUMNS FROM `wu_visitmsg` [ RunTime:0.0003s ]
SQL: SHOW COLUMNS FROM `wu_category` [ RunTime:0.0002s ]
SQL: SELECT COUNT(*) AS tp_count FROM `wu_chapter` LIMIT 1   [ RunTime:0.0001s ]
SQL: SELECT * FROM wu_chapter,wu_category WHERE wu_chapter.chapter_category=wu_category.category_id ORDER BY chapter_id DESC Limit 0,5 [ RunTime:0.0005s ]
SQL: SELECT * FROM wu_chapter WHERE chapter_hot=1 [ RunTime:0.0002s ]
SQL: SELECT * FROM wu_chapter,wu_visitmsg WHERE wu_chapter.chapter_id=wu_visitmsg.visitmsg_from ORDER BY visitmsg_id DESC Limit 0,5 [ RunTime:0.0002s ]
SQL: SELECT * FROM wu_category WHERE category_list=1 [ RunTime:0.0002s ]
INFO: [ view_parse ] --START--
INFO: [ template_filter ] --START--
INFO: Run Behavior\ContentReplaceBehavior [ RunTime:0.000051s ]
INFO: [ template_filter ] --END-- [ RunTime:0.000066s ]
NOTIC: [8] Undefined variable: __MODE__ F:\www\WEB\wblog\Application\Runtime\Cache\Home\2a94b8bda04ff446dcedd42276fc99ee.php 第 118 行.
INFO: Run Behavior\ParseTemplateBehavior [ RunTime:0.004413s ]
INFO: [ view_parse ] --END-- [ RunTime:0.004429s ]
INFO: [ view_filter ] --START--
INFO: Run Behavior\WriteHtmlCacheBehavior [ RunTime:0.000115s ]
INFO: [ view_filter ] --END-- [ RunTime:0.000126s ]
INFO: [ app_end ] --START--
INFO: Run Behavior\ShowPageTraceBehavior [ RunTime:0.000366s ]
INFO: [ app_end ] --END-- [ RunTime:0.000380s ]
NOTIC: [8] A session had already been started - ignoring session_start() F:\www\WEB\wblog\index.php 第 19 行.

[ 2017-05-19T11:38:48+08:00 ] 127.0.0.1 /index.php/Home/Index/index?&page=2
INFO: [ app_init ] --START--
INFO: Run Behavior\BuildLiteBehavior [ RunTime:0.000006s ]
INFO: [ app_init ] --END-- [ RunTime:0.000195s ]
INFO: [ app_begin ] --START--
INFO: Run Behavior\ReadHtmlCacheBehavior [ RunTime:0.000255s ]
INFO: [ app_begin ] --END-- [ RunTime:0.000272s ]
SQL: SHOW COLUMNS FROM `wu_chapter` [ RunTime:0.0006s ]
SQL: SHOW COLUMNS FROM `wu_visitmsg` [ RunTime:0.0005s ]
SQL: SHOW COLUMNS FROM `wu_category` [ RunTime:0.0004s ]
SQL: SELECT COUNT(*) AS tp_count FROM `wu_chapter` LIMIT 1   [ RunTime:0.0002s ]
SQL: SELECT * FROM wu_chapter,wu_category WHERE wu_chapter.chapter_category=wu_category.category_id ORDER BY chapter_id DESC Limit 5,5 [ RunTime:0.0006s ]
SQL: SELECT * FROM wu_chapter WHERE chapter_hot=1 [ RunTime:0.0002s ]
SQL: SELECT * FROM wu_chapter,wu_visitmsg WHERE wu_chapter.chapter_id=wu_visitmsg.visitmsg_from ORDER BY visitmsg_id DESC Limit 5,5 [ RunTime:0.0002s ]
SQL: SELECT * FROM wu_category WHERE category_list=1 [ RunTime:0.0002s ]
INFO: [ view_parse ] --START--
INFO: [ template_filter ] --START--
INFO: Run Behavior\ContentReplaceBehavior [ RunTime:0.000055s ]
INFO: [ template_filter ] --END-- [ RunTime:0.000076s ]
NOTIC: [8] Undefined variable: __MODE__ F:\www\WEB\wblog\Application\Runtime\Cache\Home\2a94b8bda04ff446dcedd42276fc99ee.php 第 118 行.
INFO: Run Behavior\ParseTemplateBehavior [ RunTime:0.004608s ]
INFO: [ view_parse ] --END-- [ RunTime:0.004624s ]
INFO: [ view_filter ] --START--
INFO: Run Behavior\WriteHtmlCacheBehavior [ RunTime:0.000130s ]
INFO: [ view_filter ] --END-- [ RunTime:0.000142s ]
INFO: [ app_end ] --START--
INFO: Run Behavior\ShowPageTraceBehavior [ RunTime:0.000270s ]
INFO: [ app_end ] --END-- [ RunTime:0.000286s ]
NOTIC: [8] A session had already been started - ignoring session_start() F:\www\WEB\wblog\index.php 第 19 行.

[ 2017-05-19T11:38:50+08:00 ] 127.0.0.1 /index.php/Home/Index/index?&page=1
INFO: [ app_init ] --START--
INFO: Run Behavior\BuildLiteBehavior [ RunTime:0.000006s ]
INFO: [ app_init ] --END-- [ RunTime:0.000179s ]
INFO: [ app_begin ] --START--
INFO: Run Behavior\ReadHtmlCacheBehavior [ RunTime:0.000237s ]
INFO: [ app_begin ] --END-- [ RunTime:0.000254s ]
SQL: SHOW COLUMNS FROM `wu_chapter` [ RunTime:0.0004s ]
SQL: SHOW COLUMNS FROM `wu_visitmsg` [ RunTime:0.0004s ]
SQL: SHOW COLUMNS FROM `wu_category` [ RunTime:0.0004s ]
SQL: SELECT COUNT(*) AS tp_count FROM `wu_chapter` LIMIT 1   [ RunTime:0.0002s ]
SQL: SELECT * FROM wu_chapter,wu_category WHERE wu_chapter.chapter_category=wu_category.category_id ORDER BY chapter_id DESC Limit 0,5 [ RunTime:0.0006s ]
SQL: SELECT * FROM wu_chapter WHERE chapter_hot=1 [ RunTime:0.0002s ]
SQL: SELECT * FROM wu_chapter,wu_visitmsg WHERE wu_chapter.chapter_id=wu_visitmsg.visitmsg_from ORDER BY visitmsg_id DESC Limit 0,5 [ RunTime:0.0003s ]
SQL: SELECT * FROM wu_category WHERE category_list=1 [ RunTime:0.0002s ]
INFO: [ view_parse ] --START--
INFO: [ template_filter ] --START--
INFO: Run Behavior\ContentReplaceBehavior [ RunTime:0.000055s ]
INFO: [ template_filter ] --END-- [ RunTime:0.000070s ]
NOTIC: [8] Undefined variable: __MODE__ F:\www\WEB\wblog\Application\Runtime\Cache\Home\2a94b8bda04ff446dcedd42276fc99ee.php 第 118 行.
INFO: Run Behavior\ParseTemplateBehavior [ RunTime:0.004356s ]
INFO: [ view_parse ] --END-- [ RunTime:0.004370s ]
INFO: [ view_filter ] --START--
INFO: Run Behavior\WriteHtmlCacheBehavior [ RunTime:0.000122s ]
INFO: [ view_filter ] --END-- [ RunTime:0.000133s ]
INFO: [ app_end ] --START--
INFO: Run Behavior\ShowPageTraceBehavior [ RunTime:0.000268s ]
INFO: [ app_end ] --END-- [ RunTime:0.000285s ]
NOTIC: [8] A session had already been started - ignoring session_start() F:\www\WEB\wblog\index.php 第 19 行.

[ 2017-05-19T11:44:11+08:00 ] 127.0.0.1 /index.php/Home/Index/index?&page=1
INFO: [ app_init ] --START--
INFO: Run Behavior\BuildLiteBehavior [ RunTime:0.000006s ]
INFO: [ app_init ] --END-- [ RunTime:0.000214s ]
INFO: [ app_begin ] --START--
INFO: Run Behavior\ReadHtmlCacheBehavior [ RunTime:0.000304s ]
INFO: [ app_begin ] --END-- [ RunTime:0.000322s ]
SQL: SHOW COLUMNS FROM `wu_chapter` [ RunTime:0.0005s ]
SQL: SHOW COLUMNS FROM `wu_visitmsg` [ RunTime:0.0004s ]
SQL: SHOW COLUMNS FROM `wu_category` [ RunTime:0.0003s ]
SQL: SELECT COUNT(*) AS tp_count FROM `wu_chapter` LIMIT 1   [ RunTime:0.0002s ]
SQL: SELECT * FROM wu_chapter,wu_category WHERE wu_chapter.chapter_category=wu_category.category_id ORDER BY chapter_id DESC Limit 0,5 [ RunTime:0.0006s ]
SQL: SELECT * FROM wu_chapter WHERE chapter_hot=1 [ RunTime:0.0002s ]
SQL: SELECT * FROM wu_chapter,wu_visitmsg WHERE wu_chapter.chapter_id=wu_visitmsg.visitmsg_from ORDER BY visitmsg_id DESC Limit 0,5 [ RunTime:0.0002s ]
SQL: SELECT * FROM wu_category WHERE category_list=1 [ RunTime:0.0001s ]
INFO: [ view_parse ] --START--
INFO: [ template_filter ] --START--
INFO: Run Behavior\ContentReplaceBehavior [ RunTime:0.000060s ]
INFO: [ template_filter ] --END-- [ RunTime:0.000083s ]
NOTIC: [8] Undefined variable: __MODE__ F:\www\WEB\wblog\Application\Runtime\Cache\Home\2a94b8bda04ff446dcedd42276fc99ee.php 第 118 行.
INFO: Run Behavior\ParseTemplateBehavior [ RunTime:0.004858s ]
INFO: [ view_parse ] --END-- [ RunTime:0.004875s ]
INFO: [ view_filter ] --START--
INFO: Run Behavior\WriteHtmlCacheBehavior [ RunTime:0.000192s ]
INFO: [ view_filter ] --END-- [ RunTime:0.000206s ]
INFO: [ app_end ] --START--
INFO: Run Behavior\ShowPageTraceBehavior [ RunTime:0.000331s ]
INFO: [ app_end ] --END-- [ RunTime:0.000348s ]
NOTIC: [8] A session had already been started - ignoring session_start() F:\www\WEB\wblog\index.php 第 19 行.

[ 2017-05-19T11:44:14+08:00 ] 127.0.0.1 /index.php/Home/Index/index?&page=2
INFO: [ app_init ] --START--
INFO: Run Behavior\BuildLiteBehavior [ RunTime:0.000005s ]
INFO: [ app_init ] --END-- [ RunTime:0.000184s ]
INFO: [ app_begin ] --START--
INFO: Run Behavior\ReadHtmlCacheBehavior [ RunTime:0.000238s ]
INFO: [ app_begin ] --END-- [ RunTime:0.000254s ]
SQL: SHOW COLUMNS FROM `wu_chapter` [ RunTime:0.0004s ]
SQL: SHOW COLUMNS FROM `wu_visitmsg` [ RunTime:0.0003s ]
SQL: SHOW COLUMNS FROM `wu_category` [ RunTime:0.0003s ]
SQL: SELECT COUNT(*) AS tp_count FROM `wu_chapter` LIMIT 1   [ RunTime:0.0001s ]
SQL: SELECT * FROM wu_chapter,wu_category WHERE wu_chapter.chapter_category=wu_category.category_id ORDER BY chapter_id DESC Limit 5,5 [ RunTime:0.0004s ]
SQL: SELECT * FROM wu_chapter WHERE chapter_hot=1 [ RunTime:0.0002s ]
SQL: SELECT * FROM wu_chapter,wu_visitmsg WHERE wu_chapter.chapter_id=wu_visitmsg.visitmsg_from ORDER BY visitmsg_id DESC Limit 5,5 [ RunTime:0.0002s ]
SQL: SELECT * FROM wu_category WHERE category_list=1 [ RunTime:0.0001s ]
INFO: [ view_parse ] --START--
INFO: [ template_filter ] --START--
INFO: Run Behavior\ContentReplaceBehavior [ RunTime:0.000057s ]
INFO: [ template_filter ] --END-- [ RunTime:0.000081s ]
NOTIC: [8] Undefined variable: __MODE__ F:\www\WEB\wblog\Application\Runtime\Cache\Home\2a94b8bda04ff446dcedd42276fc99ee.php 第 118 行.
INFO: Run Behavior\ParseTemplateBehavior [ RunTime:0.004614s ]
INFO: [ view_parse ] --END-- [ RunTime:0.004635s ]
INFO: [ view_filter ] --START--
INFO: Run Behavior\WriteHtmlCacheBehavior [ RunTime:0.000157s ]
INFO: [ view_filter ] --END-- [ RunTime:0.000169s ]
INFO: [ app_end ] --START--
INFO: Run Behavior\ShowPageTraceBehavior [ RunTime:0.000283s ]
INFO: [ app_end ] --END-- [ RunTime:0.000301s ]
NOTIC: [8] A session had already been started - ignoring session_start() F:\www\WEB\wblog\index.php 第 19 行.

[ 2017-05-19T11:44:16+08:00 ] 127.0.0.1 /index.php/Home/Index/index?&page=3
INFO: [ app_init ] --START--
INFO: Run Behavior\BuildLiteBehavior [ RunTime:0.000005s ]
INFO: [ app_init ] --END-- [ RunTime:0.000178s ]
INFO: [ app_begin ] --START--
INFO: Run Behavior\ReadHtmlCacheBehavior [ RunTime:0.000237s ]
INFO: [ app_begin ] --END-- [ RunTime:0.000255s ]
SQL: SHOW COLUMNS FROM `wu_chapter` [ RunTime:0.0004s ]
SQL: SHOW COLUMNS FROM `wu_visitmsg` [ RunTime:0.0004s ]
SQL: SHOW COLUMNS FROM `wu_category` [ RunTime:0.0003s ]
SQL: SELECT COUNT(*) AS tp_count FROM `wu_chapter` LIMIT 1   [ RunTime:0.0002s ]
SQL: SELECT * FROM wu_chapter,wu_category WHERE wu_chapter.chapter_category=wu_category.category_id ORDER BY chapter_id DESC Limit 10,5 [ RunTime:0.0005s ]
SQL: SELECT * FROM wu_chapter WHERE chapter_hot=1 [ RunTime:0.0002s ]
SQL: SELECT * FROM wu_chapter,wu_visitmsg WHERE wu_chapter.chapter_id=wu_visitmsg.visitmsg_from ORDER BY visitmsg_id DESC Limit 10,5 [ RunTime:0.0003s ]
SQL: SELECT * FROM wu_category WHERE category_list=1 [ RunTime:0.0002s ]
INFO: [ view_parse ] --START--
INFO: [ template_filter ] --START--
INFO: Run Behavior\ContentReplaceBehavior [ RunTime:0.000058s ]
INFO: [ template_filter ] --END-- [ RunTime:0.000080s ]
NOTIC: [8] Undefined variable: __MODE__ F:\www\WEB\wblog\Application\Runtime\Cache\Home\2a94b8bda04ff446dcedd42276fc99ee.php 第 118 行.
INFO: Run Behavior\ParseTemplateBehavior [ RunTime:0.004506s ]
INFO: [ view_parse ] --END-- [ RunTime:0.004525s ]
INFO: [ view_filter ] --START--
INFO: Run Behavior\WriteHtmlCacheBehavior [ RunTime:0.000140s ]
INFO: [ view_filter ] --END-- [ RunTime:0.000154s ]
INFO: [ app_end ] --START--
INFO: Run Behavior\ShowPageTraceBehavior [ RunTime:0.000301s ]
INFO: [ app_end ] --END-- [ RunTime:0.000320s ]
NOTIC: [8] A session had already been started - ignoring session_start() F:\www\WEB\wblog\index.php 第 19 行.

[ 2017-05-19T11:44:18+08:00 ] 127.0.0.1 /index.php/Home/Index/index?&page=4
INFO: [ app_init ] --START--
INFO: Run Behavior\BuildLiteBehavior [ RunTime:0.000005s ]
INFO: [ app_init ] --END-- [ RunTime:0.000181s ]
INFO: [ app_begin ] --START--
INFO: Run Behavior\ReadHtmlCacheBehavior [ RunTime:0.000238s ]
INFO: [ app_begin ] --END-- [ RunTime:0.000254s ]
SQL: SHOW COLUMNS FROM `wu_chapter` [ RunTime:0.0004s ]
SQL: SHOW COLUMNS FROM `wu_visitmsg` [ RunTime:0.0004s ]
SQL: SHOW COLUMNS FROM `wu_category` [ RunTime:0.0003s ]
SQL: SELECT COUNT(*) AS tp_count FROM `wu_chapter` LIMIT 1   [ RunTime:0.0001s ]
SQL: SELECT * FROM wu_chapter,wu_category WHERE wu_chapter.chapter_category=wu_category.category_id ORDER BY chapter_id DESC Limit 15,5 [ RunTime:0.0005s ]
SQL: SELECT * FROM wu_chapter WHERE chapter_hot=1 [ RunTime:0.0002s ]
SQL: SELECT * FROM wu_chapter,wu_visitmsg WHERE wu_chapter.chapter_id=wu_visitmsg.visitmsg_from ORDER BY visitmsg_id DESC Limit 15,5 [ RunTime:0.0002s ]
SQL: SELECT * FROM wu_category WHERE category_list=1 [ RunTime:0.0001s ]
INFO: [ view_parse ] --START--
INFO: [ template_filter ] --START--
INFO: Run Behavior\ContentReplaceBehavior [ RunTime:0.000053s ]
INFO: [ template_filter ] --END-- [ RunTime:0.000070s ]
NOTIC: [8] Undefined variable: __MODE__ F:\www\WEB\wblog\Application\Runtime\Cache\Home\2a94b8bda04ff446dcedd42276fc99ee.php 第 118 行.
INFO: Run Behavior\ParseTemplateBehavior [ RunTime:0.004351s ]
INFO: [ view_parse ] --END-- [ RunTime:0.004367s ]
INFO: [ view_filter ] --START--
INFO: Run Behavior\WriteHtmlCacheBehavior [ RunTime:0.000127s ]
INFO: [ view_filter ] --END-- [ RunTime:0.000139s ]
INFO: [ app_end ] --START--
INFO: Run Behavior\ShowPageTraceBehavior [ RunTime:0.000280s ]
INFO: [ app_end ] --END-- [ RunTime:0.000299s ]
NOTIC: [8] A session had already been started - ignoring session_start() F:\www\WEB\wblog\index.php 第 19 行.

[ 2017-05-19T11:44:22+08:00 ] 127.0.0.1 /index.php/Home/Index/index?&page=1
INFO: [ app_init ] --START--
INFO: Run Behavior\BuildLiteBehavior [ RunTime:0.000005s ]
INFO: [ app_init ] --END-- [ RunTime:0.000180s ]
INFO: [ app_begin ] --START--
INFO: Run Behavior\ReadHtmlCacheBehavior [ RunTime:0.000237s ]
INFO: [ app_begin ] --END-- [ RunTime:0.000252s ]
SQL: SHOW COLUMNS FROM `wu_chapter` [ RunTime:0.0004s ]
SQL: SHOW COLUMNS FROM `wu_visitmsg` [ RunTime:0.0003s ]
SQL: SHOW COLUMNS FROM `wu_category` [ RunTime:0.0002s ]
SQL: SELECT COUNT(*) AS tp_count FROM `wu_chapter` LIMIT 1   [ RunTime:0.0001s ]
SQL: SELECT * FROM wu_chapter,wu_category WHERE wu_chapter.chapter_category=wu_category.category_id ORDER BY chapter_id DESC Limit 0,5 [ RunTime:0.0005s ]
SQL: SELECT * FROM wu_chapter WHERE chapter_hot=1 [ RunTime:0.0002s ]
SQL: SELECT * FROM wu_chapter,wu_visitmsg WHERE wu_chapter.chapter_id=wu_visitmsg.visitmsg_from ORDER BY visitmsg_id DESC Limit 0,5 [ RunTime:0.0002s ]
SQL: SELECT * FROM wu_category WHERE category_list=1 [ RunTime:0.0001s ]
INFO: [ view_parse ] --START--
INFO: [ template_filter ] --START--
INFO: Run Behavior\ContentReplaceBehavior [ RunTime:0.000054s ]
INFO: [ template_filter ] --END-- [ RunTime:0.000070s ]
NOTIC: [8] Undefined variable: __MODE__ F:\www\WEB\wblog\Application\Runtime\Cache\Home\2a94b8bda04ff446dcedd42276fc99ee.php 第 118 行.
INFO: Run Behavior\ParseTemplateBehavior [ RunTime:0.004412s ]
INFO: [ view_parse ] --END-- [ RunTime:0.004430s ]
INFO: [ view_filter ] --START--
INFO: Run Behavior\WriteHtmlCacheBehavior [ RunTime:0.000140s ]
INFO: [ view_filter ] --END-- [ RunTime:0.000153s ]
INFO: [ app_end ] --START--
INFO: Run Behavior\ShowPageTraceBehavior [ RunTime:0.000342s ]
INFO: [ app_end ] --END-- [ RunTime:0.000367s ]
NOTIC: [8] A session had already been started - ignoring session_start() F:\www\WEB\wblog\index.php 第 19 行.

[ 2017-05-19T11:44:25+08:00 ] 127.0.0.1 /index.php/Home/Index/index?&page=2
INFO: [ app_init ] --START--
INFO: Run Behavior\BuildLiteBehavior [ RunTime:0.000006s ]
INFO: [ app_init ] --END-- [ RunTime:0.000179s ]
INFO: [ app_begin ] --START--
INFO: Run Behavior\ReadHtmlCacheBehavior [ RunTime:0.000247s ]
INFO: [ app_begin ] --END-- [ RunTime:0.000264s ]
SQL: SHOW COLUMNS FROM `wu_chapter` [ RunTime:0.0005s ]
SQL: SHOW COLUMNS FROM `wu_visitmsg` [ RunTime:0.0004s ]
SQL: SHOW COLUMNS FROM `wu_category` [ RunTime:0.0004s ]
SQL: SELECT COUNT(*) AS tp_count FROM `wu_chapter` LIMIT 1   [ RunTime:0.0002s ]
SQL: SELECT * FROM wu_chapter,wu_category WHERE wu_chapter.chapter_category=wu_category.category_id ORDER BY chapter_id DESC Limit 5,5 [ RunTime:0.0006s ]
SQL: SELECT * FROM wu_chapter WHERE chapter_hot=1 [ RunTime:0.0002s ]
SQL: SELECT * FROM wu_chapter,wu_visitmsg WHERE wu_chapter.chapter_id=wu_visitmsg.visitmsg_from ORDER BY visitmsg_id DESC Limit 5,5 [ RunTime:0.0002s ]
SQL: SELECT * FROM wu_category WHERE category_list=1 [ RunTime:0.0002s ]
INFO: [ view_parse ] --START--
INFO: [ template_filter ] --START--
INFO: Run Behavior\ContentReplaceBehavior [ RunTime:0.000056s ]
INFO: [ template_filter ] --END-- [ RunTime:0.000077s ]
NOTIC: [8] Undefined variable: __MODE__ F:\www\WEB\wblog\Application\Runtime\Cache\Home\2a94b8bda04ff446dcedd42276fc99ee.php 第 118 行.
INFO: Run Behavior\ParseTemplateBehavior [ RunTime:0.004624s ]
INFO: [ view_parse ] --END-- [ RunTime:0.004642s ]
INFO: [ view_filter ] --START--
INFO: Run Behavior\WriteHtmlCacheBehavior [ RunTime:0.000140s ]
INFO: [ view_filter ] --END-- [ RunTime:0.000153s ]
INFO: [ app_end ] --START--
INFO: Run Behavior\ShowPageTraceBehavior [ RunTime:0.000271s ]
INFO: [ app_end ] --END-- [ RunTime:0.000288s ]
NOTIC: [8] A session had already been started - ignoring session_start() F:\www\WEB\wblog\index.php 第 19 行.

[ 2017-05-19T11:44:27+08:00 ] 127.0.0.1 /index.php/Home/Index/index?&page=4
INFO: [ app_init ] --START--
INFO: Run Behavior\BuildLiteBehavior [ RunTime:0.000006s ]
INFO: [ app_init ] --END-- [ RunTime:0.000180s ]
INFO: [ app_begin ] --START--
INFO: Run Behavior\ReadHtmlCacheBehavior [ RunTime:0.000240s ]
INFO: [ app_begin ] --END-- [ RunTime:0.000256s ]
SQL: SHOW COLUMNS FROM `wu_chapter` [ RunTime:0.0004s ]
SQL: SHOW COLUMNS FROM `wu_visitmsg` [ RunTime:0.0005s ]
SQL: SHOW COLUMNS FROM `wu_category` [ RunTime:0.0003s ]
SQL: SELECT COUNT(*) AS tp_count FROM `wu_chapter` LIMIT 1   [ RunTime:0.0001s ]
SQL: SELECT * FROM wu_chapter,wu_category WHERE wu_chapter.chapter_category=wu_category.category_id ORDER BY chapter_id DESC Limit 15,5 [ RunTime:0.0004s ]
SQL: SELECT * FROM wu_chapter WHERE chapter_hot=1 [ RunTime:0.0002s ]
SQL: SELECT * FROM wu_chapter,wu_visitmsg WHERE wu_chapter.chapter_id=wu_visitmsg.visitmsg_from ORDER BY visitmsg_id DESC Limit 15,5 [ RunTime:0.0002s ]
SQL: SELECT * FROM wu_category WHERE category_list=1 [ RunTime:0.0001s ]
INFO: [ view_parse ] --START--
INFO: [ template_filter ] --START--
INFO: Run Behavior\ContentReplaceBehavior [ RunTime:0.000054s ]
INFO: [ template_filter ] --END-- [ RunTime:0.000070s ]
NOTIC: [8] Undefined variable: __MODE__ F:\www\WEB\wblog\Application\Runtime\Cache\Home\2a94b8bda04ff446dcedd42276fc99ee.php 第 118 行.
INFO: Run Behavior\ParseTemplateBehavior [ RunTime:0.004343s ]
INFO: [ view_parse ] --END-- [ RunTime:0.004359s ]
INFO: [ view_filter ] --START--
INFO: Run Behavior\WriteHtmlCacheBehavior [ RunTime:0.000132s ]
INFO: [ view_filter ] --END-- [ RunTime:0.000145s ]
INFO: [ app_end ] --START--
INFO: Run Behavior\ShowPageTraceBehavior [ RunTime:0.000269s ]
INFO: [ app_end ] --END-- [ RunTime:0.000285s ]
NOTIC: [8] A session had already been started - ignoring session_start() F:\www\WEB\wblog\index.php 第 19 行.

[ 2017-05-19T12:29:56+08:00 ] 127.0.0.1 /index.php/home/index/reading?id=1
INFO: [ app_init ] --START--
INFO: Run Behavior\BuildLiteBehavior [ RunTime:0.000006s ]
INFO: [ app_init ] --END-- [ RunTime:0.000181s ]
INFO: [ app_begin ] --START--
INFO: Run Behavior\ReadHtmlCacheBehavior [ RunTime:0.000241s ]
INFO: [ app_begin ] --END-- [ RunTime:0.000257s ]
SQL: SHOW COLUMNS FROM `wu_chapter` [ RunTime:0.0006s ]
SQL: SHOW COLUMNS FROM `wu_visitmsg` [ RunTime:0.0005s ]
SQL: SHOW COLUMNS FROM `wu_category` [ RunTime:0.0003s ]
SQL: SELECT COUNT(*) AS tp_count FROM `wu_chapter` LIMIT 1   [ RunTime:0.0002s ]
SQL: SELECT * FROM wu_chapter,wu_category WHERE wu_chapter.chapter_category=wu_category.category_id ORDER BY chapter_id DESC Limit 0,5 [ RunTime:0.0005s ]
SQL: SELECT * FROM wu_chapter WHERE chapter_hot=1 [ RunTime:0.0002s ]
SQL: SELECT * FROM wu_chapter,wu_visitmsg WHERE wu_chapter.chapter_id=wu_visitmsg.visitmsg_from ORDER BY visitmsg_id DESC Limit 0,5 [ RunTime:0.0003s ]
SQL: SELECT * FROM wu_category WHERE category_list=1 [ RunTime:0.0001s ]
SQL: SHOW COLUMNS FROM `wu_chapter` [ RunTime:0.0003s ]
SQL: SELECT * FROM wu_chapter WHERE chapter_id=1 [ RunTime:0.0002s ]
NOTIC: [8] Undefined index: chapter_visitmsg F:\www\WEB\wblog\Application\Home\Controller\IndexController.class.php 第 64 行.
SQL: SELECT * FROM wu_chapter WHERE chapter_category = 1 ORDER BY chapter_id DESC LIMIT 0,5  [ RunTime:0.0002s ]
INFO: [ view_parse ] --START--
INFO: [ template_filter ] --START--
INFO: Run Behavior\ContentReplaceBehavior [ RunTime:0.000050s ]
INFO: [ template_filter ] --END-- [ RunTime:0.000066s ]
NOTIC: [8] Undefined variable: __MODE__ F:\www\WEB\wblog\Application\Runtime\Cache\Home\707d1e001cf9da55264bba6cb98a7a40.php 第 117 行.
INFO: Run Behavior\ParseTemplateBehavior [ RunTime:0.004036s ]
INFO: [ view_parse ] --END-- [ RunTime:0.004051s ]
INFO: [ view_filter ] --START--
INFO: Run Behavior\WriteHtmlCacheBehavior [ RunTime:0.000118s ]
INFO: [ view_filter ] --END-- [ RunTime:0.000129s ]
INFO: [ app_end ] --START--
INFO: Run Behavior\ShowPageTraceBehavior [ RunTime:0.000257s ]
INFO: [ app_end ] --END-- [ RunTime:0.000272s ]
NOTIC: [8] A session had already been started - ignoring session_start() F:\www\WEB\wblog\index.php 第 19 行.

[ 2017-05-19T12:59:31+08:00 ] 127.0.0.1 /index.php/Home/Index/index
INFO: [ app_init ] --START--
INFO: Run Behavior\BuildLiteBehavior [ RunTime:0.000006s ]
INFO: [ app_init ] --END-- [ RunTime:0.000180s ]
INFO: [ app_begin ] --START--
INFO: Run Behavior\ReadHtmlCacheBehavior [ RunTime:0.000248s ]
INFO: [ app_begin ] --END-- [ RunTime:0.000266s ]
SQL: SHOW COLUMNS FROM `wu_chapter` [ RunTime:0.0007s ]
SQL: SHOW COLUMNS FROM `wu_visitmsg` [ RunTime:0.0004s ]
SQL: SHOW COLUMNS FROM `wu_category` [ RunTime:0.0004s ]
SQL: SELECT COUNT(*) AS tp_count FROM `wu_chapter` LIMIT 1   [ RunTime:0.0002s ]
SQL: SELECT * FROM wu_chapter,wu_category WHERE wu_chapter.chapter_category=wu_category.category_id ORDER BY chapter_id DESC Limit 0,5 [ RunTime:0.0006s ]
SQL: SELECT * FROM wu_chapter WHERE chapter_hot=1 [ RunTime:0.0002s ]
SQL: SELECT * FROM wu_chapter,wu_visitmsg WHERE wu_chapter.chapter_id=wu_visitmsg.visitmsg_from ORDER BY visitmsg_id DESC Limit 0,5 [ RunTime:0.0003s ]
SQL: SELECT * FROM wu_category WHERE category_list=1 [ RunTime:0.0002s ]
INFO: [ view_parse ] --START--
INFO: [ template_filter ] --START--
INFO: Run Behavior\ContentReplaceBehavior [ RunTime:0.000055s ]
INFO: [ template_filter ] --END-- [ RunTime:0.000079s ]
NOTIC: [8] Undefined variable: __MODE__ F:\www\WEB\wblog\Application\Runtime\Cache\Home\2a94b8bda04ff446dcedd42276fc99ee.php 第 118 行.
INFO: Run Behavior\ParseTemplateBehavior [ RunTime:0.004864s ]
INFO: [ view_parse ] --END-- [ RunTime:0.004881s ]
INFO: [ view_filter ] --START--
INFO: Run Behavior\WriteHtmlCacheBehavior [ RunTime:0.000130s ]
INFO: [ view_filter ] --END-- [ RunTime:0.000143s ]
INFO: [ app_end ] --START--
INFO: Run Behavior\ShowPageTraceBehavior [ RunTime:0.000278s ]
INFO: [ app_end ] --END-- [ RunTime:0.000294s ]
NOTIC: [8] A session had already been started - ignoring session_start() F:\www\WEB\wblog\index.php 第 19 行.

[ 2017-05-19T14:24:45+08:00 ] 127.0.0.1 /index.php/Home/Index/index
INFO: [ app_init ] --START--
INFO: Run Behavior\BuildLiteBehavior [ RunTime:0.000005s ]
INFO: [ app_init ] --END-- [ RunTime:0.000182s ]
INFO: [ app_begin ] --START--
INFO: Run Behavior\ReadHtmlCacheBehavior [ RunTime:0.000238s ]
INFO: [ app_begin ] --END-- [ RunTime:0.000255s ]
SQL: SHOW COLUMNS FROM `wu_chapter` [ RunTime:0.0007s ]
SQL: SHOW COLUMNS FROM `wu_visitmsg` [ RunTime:0.0005s ]
SQL: SHOW COLUMNS FROM `wu_category` [ RunTime:0.0005s ]
SQL: SELECT COUNT(*) AS tp_count FROM `wu_chapter` LIMIT 1   [ RunTime:0.0001s ]
SQL: SELECT * FROM wu_chapter,wu_category WHERE wu_chapter.chapter_category=wu_category.category_id ORDER BY chapter_id DESC Limit 0,5 [ RunTime:0.0003s ]
SQL: SELECT * FROM wu_chapter WHERE chapter_hot=1 [ RunTime:0.0002s ]
SQL: SELECT * FROM wu_chapter,wu_visitmsg WHERE wu_chapter.chapter_id=wu_visitmsg.visitmsg_from ORDER BY visitmsg_id DESC Limit 0,5 [ RunTime:0.0002s ]
SQL: SELECT * FROM wu_category WHERE category_list=1 [ RunTime:0.0001s ]
INFO: [ view_parse ] --START--
INFO: [ template_filter ] --START--
INFO: Run Behavior\ContentReplaceBehavior [ RunTime:0.000050s ]
INFO: [ template_filter ] --END-- [ RunTime:0.000067s ]
NOTIC: [8] Undefined variable: __MODE__ F:\www\WEB\wblog\Application\Runtime\Cache\Home\2a94b8bda04ff446dcedd42276fc99ee.php 第 118 行.
INFO: Run Behavior\ParseTemplateBehavior [ RunTime:0.004496s ]
INFO: [ view_parse ] --END-- [ RunTime:0.004512s ]
INFO: [ view_filter ] --START--
INFO: Run Behavior\WriteHtmlCacheBehavior [ RunTime:0.000122s ]
INFO: [ view_filter ] --END-- [ RunTime:0.000134s ]
INFO: [ app_end ] --START--
INFO: Run Behavior\ShowPageTraceBehavior [ RunTime:0.000260s ]
INFO: [ app_end ] --END-- [ RunTime:0.000276s ]
NOTIC: [8] A session had already been started - ignoring session_start() F:\www\WEB\wblog\index.php 第 19 行.

[ 2017-05-19T14:44:29+08:00 ] 127.0.0.1 /
INFO: [ app_init ] --START--
INFO: Run Behavior\BuildLiteBehavior [ RunTime:0.000006s ]
INFO: [ app_init ] --END-- [ RunTime:0.000187s ]
INFO: [ app_begin ] --START--
INFO: Run Behavior\ReadHtmlCacheBehavior [ RunTime:0.000330s ]
INFO: [ app_begin ] --END-- [ RunTime:0.000347s ]
SQL: SHOW COLUMNS FROM `wu_chapter` [ RunTime:0.0004s ]
SQL: SHOW COLUMNS FROM `wu_visitmsg` [ RunTime:0.0003s ]
SQL: SHOW COLUMNS FROM `wu_category` [ RunTime:0.0002s ]
SQL: SELECT COUNT(*) AS tp_count FROM `wu_chapter` LIMIT 1   [ RunTime:0.0001s ]
SQL: SELECT * FROM wu_chapter,wu_category WHERE wu_chapter.chapter_category=wu_category.category_id ORDER BY chapter_id DESC Limit 0,5 [ RunTime:0.0005s ]
SQL: SELECT * FROM wu_chapter WHERE chapter_hot=1 [ RunTime:0.0002s ]
SQL: SELECT * FROM wu_chapter,wu_visitmsg WHERE wu_chapter.chapter_id=wu_visitmsg.visitmsg_from ORDER BY visitmsg_id DESC Limit 0,5 [ RunTime:0.0002s ]
SQL: SELECT * FROM wu_category WHERE category_list=1 [ RunTime:0.0001s ]
INFO: [ view_parse ] --START--
INFO: [ template_filter ] --START--
INFO: Run Behavior\ContentReplaceBehavior [ RunTime:0.000053s ]
INFO: [ template_filter ] --END-- [ RunTime:0.000075s ]
NOTIC: [8] Undefined variable: __MODE__ F:\www\WEB\wblog\Application\Runtime\Cache\Home\2a94b8bda04ff446dcedd42276fc99ee.php 第 118 行.
INFO: Run Behavior\ParseTemplateBehavior [ RunTime:0.005400s ]
INFO: [ view_parse ] --END-- [ RunTime:0.005416s ]
INFO: [ view_filter ] --START--
INFO: Run Behavior\WriteHtmlCacheBehavior [ RunTime:0.000186s ]
INFO: [ view_filter ] --END-- [ RunTime:0.000199s ]
INFO: [ app_end ] --START--
INFO: Run Behavior\ShowPageTraceBehavior [ RunTime:0.000380s ]
INFO: [ app_end ] --END-- [ RunTime:0.000396s ]
NOTIC: [8] A session had already been started - ignoring session_start() F:\www\WEB\wblog\index.php 第 19 行.

